[2023-03-27 17:34:10.764] [pxr_streamer] [info] ***********  Log Begin **********
[2023-03-27 17:34:10.764] [pxr_streamer] [info] process id= 43944
[2023-03-27 17:34:10.764] [pxr_streamer] [error] rpc_terminal.cpp:37 operator (): connect failed, error= ???????????,?????, this = 0xc9cee550
[2023-03-27 17:34:10.764] [pxr_streamer] [error] rpc_terminal.h:50 Call: invalid rpc_client_, msg = Hello, this = 0xc9cee550
[2023-03-27 17:34:10.764] [pxr_streamer] [error] rpc_terminal.h:50 Call: invalid rpc_client_, msg = QueryRemoteTerminals, this = 0xc9cee550
[2023-03-27 17:34:13.815] [pxr_streamer] [error] rpc_terminal.cpp:37 operator (): connect failed, error= ???????????,?????, this = 0xc9cee550
[2023-03-27 17:34:16.862] [pxr_streamer] [error] rpc_terminal.cpp:37 operator (): connect failed, error= ???????????,?????, this = 0xc9cee550
[2023-03-27 17:34:19.906] [pxr_streamer] [error] rpc_terminal.cpp:37 operator (): connect failed, error= ???????????,?????, this = 0xc9cee550
[2023-03-27 17:34:22.960] [pxr_streamer] [error] rpc_terminal.cpp:37 operator (): connect failed, error= ???????????,?????, this = 0xc9cee550
[2023-03-27 17:34:26.014] [pxr_streamer] [error] rpc_terminal.cpp:37 operator (): connect failed, error= ???????????,?????, this = 0xc9cee550
[2023-03-27 17:34:29.059] [pxr_streamer] [error] rpc_terminal.cpp:37 operator (): connect failed, error= ???????????,?????, this = 0xc9cee550
[2023-03-27 17:34:32.099] [pxr_streamer] [error] rpc_terminal.cpp:37 operator (): connect failed, error= ???????????,?????, this = 0xc9cee550
[2023-03-27 17:34:35.134] [pxr_streamer] [error] rpc_terminal.cpp:37 operator (): connect failed, error= ???????????,?????, this = 0xc9cee550
[2023-03-27 17:34:38.173] [pxr_streamer] [error] rpc_terminal.cpp:37 operator (): connect failed, error= ???????????,?????, this = 0xc9cee550
[2023-03-27 17:34:41.208] [pxr_streamer] [error] rpc_terminal.cpp:37 operator (): connect failed, error= ???????????,?????, this = 0xc9cee550
[2023-03-27 17:34:44.255] [pxr_streamer] [error] rpc_terminal.cpp:37 operator (): connect failed, error= ???????????,?????, this = 0xc9cee550
[2023-03-27 17:34:47.297] [pxr_streamer] [error] rpc_terminal.cpp:37 operator (): connect failed, error= ???????????,?????, this = 0xc9cee550
[2023-03-27 17:34:50.329] [pxr_streamer] [error] rpc_terminal.cpp:37 operator (): connect failed, error= ???????????,?????, this = 0xc9cee550
[2023-03-27 17:34:53.375] [pxr_streamer] [error] rpc_terminal.cpp:37 operator (): connect failed, error= ???????????,?????, this = 0xc9cee550
[2023-03-27 17:34:56.415] [pxr_streamer] [error] rpc_terminal.cpp:37 operator (): connect failed, error= ???????????,?????, this = 0xc9cee550
[2023-03-27 17:34:59.445] [pxr_streamer] [error] rpc_terminal.cpp:37 operator (): connect failed, error= ???????????,?????, this = 0xc9cee550
[2023-03-27 17:35:02.492] [pxr_streamer] [error] rpc_terminal.cpp:37 operator (): connect failed, error= ???????????,?????, this = 0xc9cee550
[2023-03-27 17:35:05.537] [pxr_streamer] [error] rpc_terminal.cpp:37 operator (): connect failed, error= ???????????,?????, this = 0xc9cee550
[2023-03-27 17:35:08.589] [pxr_streamer] [error] rpc_terminal.cpp:37 operator (): connect failed, error= ???????????,?????, this = 0xc9cee550
[2023-03-27 17:35:11.618] [pxr_streamer] [error] rpc_terminal.cpp:37 operator (): connect failed, error= ???????????,?????, this = 0xc9cee550
[2023-03-27 17:35:14.675] [pxr_streamer] [error] rpc_terminal.cpp:37 operator (): connect failed, error= ???????????,?????, this = 0xc9cee550
[2023-03-27 17:35:17.713] [pxr_streamer] [error] rpc_terminal.cpp:37 operator (): connect failed, error= ???????????,?????, this = 0xc9cee550
[2023-03-27 17:35:20.759] [pxr_streamer] [error] rpc_terminal.cpp:37 operator (): connect failed, error= ???????????,?????, this = 0xc9cee550
[2023-03-27 17:35:23.805] [pxr_streamer] [error] rpc_terminal.cpp:37 operator (): connect failed, error= ???????????,?????, this = 0xc9cee550
[2023-03-27 17:35:26.845] [pxr_streamer] [error] rpc_terminal.cpp:37 operator (): connect failed, error= ???????????,?????, this = 0xc9cee550
[2023-03-27 17:35:29.895] [pxr_streamer] [error] rpc_terminal.cpp:37 operator (): connect failed, error= ???????????,?????, this = 0xc9cee550
[2023-03-27 17:35:32.949] [pxr_streamer] [error] rpc_terminal.cpp:37 operator (): connect failed, error= ???????????,?????, this = 0xc9cee550
[2023-03-27 17:35:35.996] [pxr_streamer] [error] rpc_terminal.cpp:37 operator (): connect failed, error= ???????????,?????, this = 0xc9cee550
[2023-03-27 17:35:39.043] [pxr_streamer] [error] rpc_terminal.cpp:37 operator (): connect failed, error= ???????????,?????, this = 0xc9cee550
[2023-03-27 17:35:42.083] [pxr_streamer] [error] rpc_terminal.cpp:37 operator (): connect failed, error= ???????????,?????, this = 0xc9cee550
[2023-03-27 17:35:45.119] [pxr_streamer] [error] rpc_terminal.cpp:37 operator (): connect failed, error= ???????????,?????, this = 0xc9cee550
[2023-03-27 17:35:48.166] [pxr_streamer] [error] rpc_terminal.cpp:37 operator (): connect failed, error= ???????????,?????, this = 0xc9cee550
[2023-03-27 17:35:51.210] [pxr_streamer] [error] rpc_terminal.cpp:37 operator (): connect failed, error= ???????????,?????, this = 0xc9cee550
[2023-03-27 17:35:54.259] [pxr_streamer] [error] rpc_terminal.cpp:37 operator (): connect failed, error= ???????????,?????, this = 0xc9cee550
[2023-03-27 17:35:57.309] [pxr_streamer] [error] rpc_terminal.cpp:37 operator (): connect failed, error= ???????????,?????, this = 0xc9cee550
[2023-03-27 17:36:00.353] [pxr_streamer] [error] rpc_terminal.cpp:37 operator (): connect failed, error= ???????????,?????, this = 0xc9cee550
[2023-03-27 17:36:03.410] [pxr_streamer] [error] rpc_terminal.cpp:37 operator (): connect failed, error= ???????????,?????, this = 0xc9cee550
[2023-03-27 17:36:06.473] [pxr_streamer] [error] rpc_terminal.cpp:37 operator (): connect failed, error= ???????????,?????, this = 0xc9cee550
[2023-03-27 17:36:09.536] [pxr_streamer] [error] rpc_terminal.cpp:37 operator (): connect failed, error= ???????????,?????, this = 0xc9cee550
[2023-03-27 17:36:12.594] [pxr_streamer] [error] rpc_terminal.cpp:37 operator (): connect failed, error= ???????????,?????, this = 0xc9cee550
[2023-03-27 17:36:15.646] [pxr_streamer] [error] rpc_terminal.cpp:37 operator (): connect failed, error= ???????????,?????, this = 0xc9cee550
[2023-03-27 17:36:18.685] [pxr_streamer] [error] rpc_terminal.cpp:37 operator (): connect failed, error= ???????????,?????, this = 0xc9cee550
[2023-03-27 17:36:21.741] [pxr_streamer] [error] rpc_terminal.cpp:37 operator (): connect failed, error= ???????????,?????, this = 0xc9cee550
[2023-03-27 17:36:24.793] [pxr_streamer] [error] rpc_terminal.cpp:37 operator (): connect failed, error= ???????????,?????, this = 0xc9cee550
[2023-03-27 17:36:27.857] [pxr_streamer] [error] rpc_terminal.cpp:37 operator (): connect failed, error= ???????????,?????, this = 0xc9cee550
[2023-03-27 17:36:30.923] [pxr_streamer] [error] rpc_terminal.cpp:37 operator (): connect failed, error= ???????????,?????, this = 0xc9cee550
[2023-03-27 17:36:33.987] [pxr_streamer] [error] rpc_terminal.cpp:37 operator (): connect failed, error= ???????????,?????, this = 0xc9cee550
[2023-03-27 17:36:37.049] [pxr_streamer] [error] rpc_terminal.cpp:37 operator (): connect failed, error= ???????????,?????, this = 0xc9cee550
[2023-03-27 17:36:40.096] [pxr_streamer] [error] rpc_terminal.cpp:37 operator (): connect failed, error= ???????????,?????, this = 0xc9cee550
[2023-03-27 17:36:43.155] [pxr_streamer] [error] rpc_terminal.cpp:37 operator (): connect failed, error= ???????????,?????, this = 0xc9cee550
[2023-03-27 17:36:46.214] [pxr_streamer] [error] rpc_terminal.cpp:37 operator (): connect failed, error= ???????????,?????, this = 0xc9cee550
[2023-03-27 17:36:49.275] [pxr_streamer] [error] rpc_terminal.cpp:37 operator (): connect failed, error= ???????????,?????, this = 0xc9cee550
[2023-03-27 17:36:52.325] [pxr_streamer] [error] rpc_terminal.cpp:37 operator (): connect failed, error= ???????????,?????, this = 0xc9cee550
[2023-03-27 17:36:55.377] [pxr_streamer] [error] rpc_terminal.cpp:37 operator (): connect failed, error= ???????????,?????, this = 0xc9cee550
[2023-03-27 17:36:58.413] [pxr_streamer] [error] rpc_terminal.cpp:37 operator (): connect failed, error= ???????????,?????, this = 0xc9cee550
[2023-03-27 17:37:01.474] [pxr_streamer] [error] rpc_terminal.cpp:37 operator (): connect failed, error= ???????????,?????, this = 0xc9cee550
[2023-03-27 17:37:04.521] [pxr_streamer] [error] rpc_terminal.cpp:37 operator (): connect failed, error= ???????????,?????, this = 0xc9cee550
[2023-03-27 17:37:07.582] [pxr_streamer] [error] rpc_terminal.cpp:37 operator (): connect failed, error= ???????????,?????, this = 0xc9cee550
[2023-03-27 17:37:10.643] [pxr_streamer] [error] rpc_terminal.cpp:37 operator (): connect failed, error= ???????????,?????, this = 0xc9cee550
[2023-03-27 17:37:13.704] [pxr_streamer] [error] rpc_terminal.cpp:37 operator (): connect failed, error= ???????????,?????, this = 0xc9cee550
[2023-03-27 17:37:16.755] [pxr_streamer] [error] rpc_terminal.cpp:37 operator (): connect failed, error= ???????????,?????, this = 0xc9cee550
[2023-03-27 17:37:19.812] [pxr_streamer] [error] rpc_terminal.cpp:37 operator (): connect failed, error= ???????????,?????, this = 0xc9cee550
[2023-03-27 17:37:22.862] [pxr_streamer] [error] rpc_terminal.cpp:37 operator (): connect failed, error= ???????????,?????, this = 0xc9cee550
[2023-03-27 17:37:25.926] [pxr_streamer] [error] rpc_terminal.cpp:37 operator (): connect failed, error= ???????????,?????, this = 0xc9cee550
[2023-03-27 17:37:28.972] [pxr_streamer] [error] rpc_terminal.cpp:37 operator (): connect failed, error= ???????????,?????, this = 0xc9cee550
[2023-03-27 17:37:32.022] [pxr_streamer] [error] rpc_terminal.cpp:37 operator (): connect failed, error= ???????????,?????, this = 0xc9cee550
[2023-03-27 17:37:35.077] [pxr_streamer] [error] rpc_terminal.cpp:37 operator (): connect failed, error= ???????????,?????, this = 0xc9cee550
[2023-03-27 17:37:38.141] [pxr_streamer] [error] rpc_terminal.cpp:37 operator (): connect failed, error= ???????????,?????, this = 0xc9cee550
[2023-03-27 17:37:41.212] [pxr_streamer] [error] rpc_terminal.cpp:37 operator (): connect failed, error= ???????????,?????, this = 0xc9cee550
[2023-03-27 17:37:44.275] [pxr_streamer] [error] rpc_terminal.cpp:37 operator (): connect failed, error= ???????????,?????, this = 0xc9cee550
[2023-03-27 17:37:47.334] [pxr_streamer] [error] rpc_terminal.cpp:37 operator (): connect failed, error= ???????????,?????, this = 0xc9cee550
[2023-03-27 17:37:50.379] [pxr_streamer] [error] rpc_terminal.cpp:37 operator (): connect failed, error= ???????????,?????, this = 0xc9cee550
[2023-03-27 17:37:53.441] [pxr_streamer] [error] rpc_terminal.cpp:37 operator (): connect failed, error= ???????????,?????, this = 0xc9cee550
[2023-03-27 17:37:56.494] [pxr_streamer] [error] rpc_terminal.cpp:37 operator (): connect failed, error= ???????????,?????, this = 0xc9cee550
[2023-03-27 17:37:59.544] [pxr_streamer] [error] rpc_terminal.cpp:37 operator (): connect failed, error= ???????????,?????, this = 0xc9cee550
[2023-03-27 17:38:02.590] [pxr_streamer] [error] rpc_terminal.cpp:37 operator (): connect failed, error= ???????????,?????, this = 0xc9cee550
[2023-03-27 17:38:05.641] [pxr_streamer] [error] rpc_terminal.cpp:37 operator (): connect failed, error= ???????????,?????, this = 0xc9cee550
[2023-03-27 17:38:08.700] [pxr_streamer] [error] rpc_terminal.cpp:37 operator (): connect failed, error= ???????????,?????, this = 0xc9cee550
[2023-03-27 17:38:11.763] [pxr_streamer] [error] rpc_terminal.cpp:37 operator (): connect failed, error= ???????????,?????, this = 0xc9cee550
[2023-03-27 17:38:14.828] [pxr_streamer] [error] rpc_terminal.cpp:37 operator (): connect failed, error= ???????????,?????, this = 0xc9cee550
[2023-03-27 17:38:17.887] [pxr_streamer] [error] rpc_terminal.cpp:37 operator (): connect failed, error= ???????????,?????, this = 0xc9cee550
[2023-03-27 17:38:20.940] [pxr_streamer] [error] rpc_terminal.cpp:37 operator (): connect failed, error= ???????????,?????, this = 0xc9cee550
[2023-03-27 17:38:24.007] [pxr_streamer] [error] rpc_terminal.cpp:37 operator (): connect failed, error= ???????????,?????, this = 0xc9cee550
[2023-03-27 17:38:27.063] [pxr_streamer] [error] rpc_terminal.cpp:37 operator (): connect failed, error= ???????????,?????, this = 0xc9cee550
[2023-03-27 17:38:30.102] [pxr_streamer] [error] rpc_terminal.cpp:37 operator (): connect failed, error= ???????????,?????, this = 0xc9cee550
[2023-03-27 17:38:33.154] [pxr_streamer] [error] rpc_terminal.cpp:37 operator (): connect failed, error= ???????????,?????, this = 0xc9cee550
[2023-03-27 17:38:36.192] [pxr_streamer] [error] rpc_terminal.cpp:37 operator (): connect failed, error= ???????????,?????, this = 0xc9cee550
[2023-03-27 17:38:39.241] [pxr_streamer] [error] rpc_terminal.cpp:37 operator (): connect failed, error= ???????????,?????, this = 0xc9cee550
[2023-03-27 17:38:42.290] [pxr_streamer] [error] rpc_terminal.cpp:37 operator (): connect failed, error= ???????????,?????, this = 0xc9cee550
[2023-03-27 17:38:45.355] [pxr_streamer] [error] rpc_terminal.cpp:37 operator (): connect failed, error= ???????????,?????, this = 0xc9cee550
[2023-03-27 17:38:48.416] [pxr_streamer] [error] rpc_terminal.cpp:37 operator (): connect failed, error= ???????????,?????, this = 0xc9cee550
[2023-03-27 17:38:51.472] [pxr_streamer] [error] rpc_terminal.cpp:37 operator (): connect failed, error= ???????????,?????, this = 0xc9cee550
[2023-03-27 17:38:54.534] [pxr_streamer] [error] rpc_terminal.cpp:37 operator (): connect failed, error= ???????????,?????, this = 0xc9cee550
[2023-03-27 17:38:57.602] [pxr_streamer] [error] rpc_terminal.cpp:37 operator (): connect failed, error= ???????????,?????, this = 0xc9cee550
[2023-03-27 17:39:00.657] [pxr_streamer] [error] rpc_terminal.cpp:37 operator (): connect failed, error= ???????????,?????, this = 0xc9cee550
[2023-03-27 17:39:03.709] [pxr_streamer] [error] rpc_terminal.cpp:37 operator (): connect failed, error= ???????????,?????, this = 0xc9cee550
[2023-03-27 17:39:06.769] [pxr_streamer] [error] rpc_terminal.cpp:37 operator (): connect failed, error= ???????????,?????, this = 0xc9cee550
[2023-03-27 17:39:09.828] [pxr_streamer] [error] rpc_terminal.cpp:37 operator (): connect failed, error= ???????????,?????, this = 0xc9cee550
[2023-03-27 17:39:12.892] [pxr_streamer] [error] rpc_terminal.cpp:37 operator (): connect failed, error= ???????????,?????, this = 0xc9cee550
[2023-03-27 17:39:15.961] [pxr_streamer] [error] rpc_terminal.cpp:37 operator (): connect failed, error= ???????????,?????, this = 0xc9cee550
[2023-03-27 17:39:19.013] [pxr_streamer] [error] rpc_terminal.cpp:37 operator (): connect failed, error= ???????????,?????, this = 0xc9cee550
[2023-03-27 17:39:22.060] [pxr_streamer] [error] rpc_terminal.cpp:37 operator (): connect failed, error= ???????????,?????, this = 0xc9cee550
[2023-03-27 17:39:25.126] [pxr_streamer] [error] rpc_terminal.cpp:37 operator (): connect failed, error= ???????????,?????, this = 0xc9cee550
[2023-03-27 17:39:28.186] [pxr_streamer] [error] rpc_terminal.cpp:37 operator (): connect failed, error= ???????????,?????, this = 0xc9cee550
[2023-03-27 17:39:31.255] [pxr_streamer] [error] rpc_terminal.cpp:37 operator (): connect failed, error= ???????????,?????, this = 0xc9cee550
[2023-03-27 17:39:34.308] [pxr_streamer] [error] rpc_terminal.cpp:37 operator (): connect failed, error= ???????????,?????, this = 0xc9cee550
[2023-03-27 17:39:37.362] [pxr_streamer] [error] rpc_terminal.cpp:37 operator (): connect failed, error= ???????????,?????, this = 0xc9cee550
[2023-03-27 17:39:40.425] [pxr_streamer] [error] rpc_terminal.cpp:37 operator (): connect failed, error= ???????????,?????, this = 0xc9cee550
[2023-03-27 17:39:43.469] [pxr_streamer] [error] rpc_terminal.cpp:37 operator (): connect failed, error= ???????????,?????, this = 0xc9cee550
[2023-03-27 17:39:46.525] [pxr_streamer] [error] rpc_terminal.cpp:37 operator (): connect failed, error= ???????????,?????, this = 0xc9cee550
[2023-03-27 17:39:49.583] [pxr_streamer] [error] rpc_terminal.cpp:37 operator (): connect failed, error= ???????????,?????, this = 0xc9cee550
[2023-03-27 17:39:52.654] [pxr_streamer] [error] rpc_terminal.cpp:37 operator (): connect failed, error= ???????????,?????, this = 0xc9cee550
[2023-03-27 17:39:55.719] [pxr_streamer] [error] rpc_terminal.cpp:37 operator (): connect failed, error= ???????????,?????, this = 0xc9cee550
[2023-03-27 17:39:58.781] [pxr_streamer] [error] rpc_terminal.cpp:37 operator (): connect failed, error= ???????????,?????, this = 0xc9cee550
[2023-03-27 17:40:01.843] [pxr_streamer] [error] rpc_terminal.cpp:37 operator (): connect failed, error= ???????????,?????, this = 0xc9cee550
[2023-03-27 17:40:04.908] [pxr_streamer] [error] rpc_terminal.cpp:37 operator (): connect failed, error= ???????????,?????, this = 0xc9cee550
[2023-03-27 17:40:07.967] [pxr_streamer] [error] rpc_terminal.cpp:37 operator (): connect failed, error= ???????????,?????, this = 0xc9cee550
[2023-03-27 17:40:11.019] [pxr_streamer] [error] rpc_terminal.cpp:37 operator (): connect failed, error= ???????????,?????, this = 0xc9cee550
[2023-03-27 17:40:14.080] [pxr_streamer] [error] rpc_terminal.cpp:37 operator (): connect failed, error= ???????????,?????, this = 0xc9cee550
[2023-03-27 17:40:17.135] [pxr_streamer] [error] rpc_terminal.cpp:37 operator (): connect failed, error= ???????????,?????, this = 0xc9cee550
[2023-03-27 17:40:20.196] [pxr_streamer] [error] rpc_terminal.cpp:37 operator (): connect failed, error= ???????????,?????, this = 0xc9cee550
[2023-03-27 17:40:23.237] [pxr_streamer] [error] rpc_terminal.cpp:37 operator (): connect failed, error= ???????????,?????, this = 0xc9cee550
[2023-03-27 17:40:26.290] [pxr_streamer] [error] rpc_terminal.cpp:37 operator (): connect failed, error= ???????????,?????, this = 0xc9cee550
[2023-03-27 17:40:29.361] [pxr_streamer] [error] rpc_terminal.cpp:37 operator (): connect failed, error= ???????????,?????, this = 0xc9cee550
[2023-03-27 17:40:32.424] [pxr_streamer] [error] rpc_terminal.cpp:37 operator (): connect failed, error= ???????????,?????, this = 0xc9cee550
[2023-03-27 17:40:35.479] [pxr_streamer] [error] rpc_terminal.cpp:37 operator (): connect failed, error= ???????????,?????, this = 0xc9cee550
[2023-03-27 17:40:38.531] [pxr_streamer] [error] rpc_terminal.cpp:37 operator (): connect failed, error= ???????????,?????, this = 0xc9cee550
[2023-03-27 17:40:41.584] [pxr_streamer] [error] rpc_terminal.cpp:37 operator (): connect failed, error= ???????????,?????, this = 0xc9cee550
[2023-03-27 17:40:44.638] [pxr_streamer] [error] rpc_terminal.cpp:37 operator (): connect failed, error= ???????????,?????, this = 0xc9cee550
[2023-03-27 17:40:47.698] [pxr_streamer] [error] rpc_terminal.cpp:37 operator (): connect failed, error= ???????????,?????, this = 0xc9cee550
[2023-03-27 17:40:50.756] [pxr_streamer] [error] rpc_terminal.cpp:37 operator (): connect failed, error= ???????????,?????, this = 0xc9cee550
[2023-03-27 17:40:53.810] [pxr_streamer] [error] rpc_terminal.cpp:37 operator (): connect failed, error= ???????????,?????, this = 0xc9cee550
[2023-03-27 17:40:56.866] [pxr_streamer] [error] rpc_terminal.cpp:37 operator (): connect failed, error= ???????????,?????, this = 0xc9cee550
[2023-03-27 17:40:59.921] [pxr_streamer] [error] rpc_terminal.cpp:37 operator (): connect failed, error= ???????????,?????, this = 0xc9cee550
[2023-03-27 17:41:02.971] [pxr_streamer] [error] rpc_terminal.cpp:37 operator (): connect failed, error= ???????????,?????, this = 0xc9cee550
[2023-03-27 17:41:06.023] [pxr_streamer] [error] rpc_terminal.cpp:37 operator (): connect failed, error= ???????????,?????, this = 0xc9cee550
[2023-03-27 17:41:09.072] [pxr_streamer] [error] rpc_terminal.cpp:37 operator (): connect failed, error= ???????????,?????, this = 0xc9cee550
[2023-03-27 17:41:12.117] [pxr_streamer] [error] rpc_terminal.cpp:37 operator (): connect failed, error= ???????????,?????, this = 0xc9cee550
[2023-03-27 17:41:15.156] [pxr_streamer] [error] rpc_terminal.cpp:37 operator (): connect failed, error= ???????????,?????, this = 0xc9cee550
[2023-03-27 17:41:18.222] [pxr_streamer] [error] rpc_terminal.cpp:37 operator (): connect failed, error= ???????????,?????, this = 0xc9cee550
[2023-03-27 17:41:21.285] [pxr_streamer] [error] rpc_terminal.cpp:37 operator (): connect failed, error= ???????????,?????, this = 0xc9cee550
[2023-03-27 17:41:24.329] [pxr_streamer] [error] rpc_terminal.cpp:37 operator (): connect failed, error= ???????????,?????, this = 0xc9cee550
[2023-03-27 17:41:27.366] [pxr_streamer] [error] rpc_terminal.cpp:37 operator (): connect failed, error= ???????????,?????, this = 0xc9cee550
[2023-03-27 17:41:30.424] [pxr_streamer] [error] rpc_terminal.cpp:37 operator (): connect failed, error= ???????????,?????, this = 0xc9cee550
[2023-03-27 17:41:33.469] [pxr_streamer] [error] rpc_terminal.cpp:37 operator (): connect failed, error= ???????????,?????, this = 0xc9cee550
[2023-03-27 17:41:36.496] [pxr_streamer] [error] rpc_terminal.cpp:37 operator (): connect failed, error= ???????????,?????, this = 0xc9cee550
[2023-03-27 17:41:39.562] [pxr_streamer] [error] rpc_terminal.cpp:37 operator (): connect failed, error= ???????????,?????, this = 0xc9cee550
[2023-03-27 17:41:42.603] [pxr_streamer] [error] rpc_terminal.cpp:37 operator (): connect failed, error= ???????????,?????, this = 0xc9cee550
[2023-03-27 17:41:45.665] [pxr_streamer] [error] rpc_terminal.cpp:37 operator (): connect failed, error= ???????????,?????, this = 0xc9cee550
[2023-03-27 17:41:48.728] [pxr_streamer] [error] rpc_terminal.cpp:37 operator (): connect failed, error= ???????????,?????, this = 0xc9cee550
[2023-03-27 17:41:51.790] [pxr_streamer] [error] rpc_terminal.cpp:37 operator (): connect failed, error= ???????????,?????, this = 0xc9cee550
[2023-03-27 17:41:54.860] [pxr_streamer] [error] rpc_terminal.cpp:37 operator (): connect failed, error= ???????????,?????, this = 0xc9cee550
[2023-03-27 17:41:57.931] [pxr_streamer] [error] rpc_terminal.cpp:37 operator (): connect failed, error= ???????????,?????, this = 0xc9cee550
[2023-03-27 17:42:00.990] [pxr_streamer] [error] rpc_terminal.cpp:37 operator (): connect failed, error= ???????????,?????, this = 0xc9cee550
[2023-03-27 17:42:04.054] [pxr_streamer] [error] rpc_terminal.cpp:37 operator (): connect failed, error= ???????????,?????, this = 0xc9cee550
[2023-03-27 17:42:07.116] [pxr_streamer] [error] rpc_terminal.cpp:37 operator (): connect failed, error= ???????????,?????, this = 0xc9cee550
[2023-03-27 17:42:10.167] [pxr_streamer] [error] rpc_terminal.cpp:37 operator (): connect failed, error= ???????????,?????, this = 0xc9cee550
[2023-03-27 17:42:13.226] [pxr_streamer] [error] rpc_terminal.cpp:37 operator (): connect failed, error= ???????????,?????, this = 0xc9cee550
[2023-03-27 17:42:16.261] [pxr_streamer] [error] rpc_terminal.cpp:37 operator (): connect failed, error= ???????????,?????, this = 0xc9cee550
[2023-03-27 17:42:19.321] [pxr_streamer] [error] rpc_terminal.cpp:37 operator (): connect failed, error= ???????????,?????, this = 0xc9cee550
[2023-03-27 17:42:22.365] [pxr_streamer] [error] rpc_terminal.cpp:37 operator (): connect failed, error= ???????????,?????, this = 0xc9cee550
[2023-03-27 17:42:25.423] [pxr_streamer] [error] rpc_terminal.cpp:37 operator (): connect failed, error= ???????????,?????, this = 0xc9cee550
[2023-03-27 17:42:28.487] [pxr_streamer] [error] rpc_terminal.cpp:37 operator (): connect failed, error= ???????????,?????, this = 0xc9cee550
[2023-03-27 17:42:31.556] [pxr_streamer] [error] rpc_terminal.cpp:37 operator (): connect failed, error= ???????????,?????, this = 0xc9cee550
[2023-03-27 17:42:34.602] [pxr_streamer] [error] rpc_terminal.cpp:37 operator (): connect failed, error= ???????????,?????, this = 0xc9cee550
[2023-03-27 17:42:37.661] [pxr_streamer] [error] rpc_terminal.cpp:37 operator (): connect failed, error= ???????????,?????, this = 0xc9cee550
[2023-03-27 17:42:40.724] [pxr_streamer] [error] rpc_terminal.cpp:37 operator (): connect failed, error= ???????????,?????, this = 0xc9cee550
[2023-03-27 17:42:43.795] [pxr_streamer] [error] rpc_terminal.cpp:37 operator (): connect failed, error= ???????????,?????, this = 0xc9cee550
[2023-03-27 17:42:46.860] [pxr_streamer] [error] rpc_terminal.cpp:37 operator (): connect failed, error= ???????????,?????, this = 0xc9cee550
[2023-03-27 17:42:49.921] [pxr_streamer] [error] rpc_terminal.cpp:37 operator (): connect failed, error= ???????????,?????, this = 0xc9cee550
[2023-03-27 17:42:52.970] [pxr_streamer] [error] rpc_terminal.cpp:37 operator (): connect failed, error= ???????????,?????, this = 0xc9cee550
[2023-03-27 17:42:56.036] [pxr_streamer] [error] rpc_terminal.cpp:37 operator (): connect failed, error= ???????????,?????, this = 0xc9cee550
[2023-03-27 17:42:59.092] [pxr_streamer] [error] rpc_terminal.cpp:37 operator (): connect failed, error= ???????????,?????, this = 0xc9cee550
[2023-03-27 17:43:02.154] [pxr_streamer] [error] rpc_terminal.cpp:37 operator (): connect failed, error= ???????????,?????, this = 0xc9cee550
[2023-03-27 17:43:05.206] [pxr_streamer] [error] rpc_terminal.cpp:37 operator (): connect failed, error= ???????????,?????, this = 0xc9cee550
[2023-03-27 17:43:08.272] [pxr_streamer] [error] rpc_terminal.cpp:37 operator (): connect failed, error= ???????????,?????, this = 0xc9cee550
[2023-03-27 17:43:11.339] [pxr_streamer] [error] rpc_terminal.cpp:37 operator (): connect failed, error= ???????????,?????, this = 0xc9cee550
[2023-03-27 17:43:14.399] [pxr_streamer] [error] rpc_terminal.cpp:37 operator (): connect failed, error= ???????????,?????, this = 0xc9cee550
[2023-03-27 17:43:17.449] [pxr_streamer] [error] rpc_terminal.cpp:37 operator (): connect failed, error= ???????????,?????, this = 0xc9cee550
[2023-03-27 17:43:20.511] [pxr_streamer] [error] rpc_terminal.cpp:37 operator (): connect failed, error= ???????????,?????, this = 0xc9cee550
[2023-03-27 17:43:23.575] [pxr_streamer] [error] rpc_terminal.cpp:37 operator (): connect failed, error= ???????????,?????, this = 0xc9cee550
[2023-03-27 17:43:26.628] [pxr_streamer] [error] rpc_terminal.cpp:37 operator (): connect failed, error= ???????????,?????, this = 0xc9cee550
[2023-03-27 17:43:29.692] [pxr_streamer] [error] rpc_terminal.cpp:37 operator (): connect failed, error= ???????????,?????, this = 0xc9cee550
[2023-03-27 17:43:32.761] [pxr_streamer] [error] rpc_terminal.cpp:37 operator (): connect failed, error= ???????????,?????, this = 0xc9cee550
[2023-03-27 17:43:35.796] [pxr_streamer] [error] rpc_terminal.cpp:37 operator (): connect failed, error= ???????????,?????, this = 0xc9cee550
[2023-03-27 17:43:38.853] [pxr_streamer] [error] rpc_terminal.cpp:37 operator (): connect failed, error= ???????????,?????, this = 0xc9cee550
[2023-03-27 17:43:41.913] [pxr_streamer] [error] rpc_terminal.cpp:37 operator (): connect failed, error= ???????????,?????, this = 0xc9cee550
[2023-03-27 17:43:44.978] [pxr_streamer] [error] rpc_terminal.cpp:37 operator (): connect failed, error= ???????????,?????, this = 0xc9cee550
[2023-03-27 17:43:48.021] [pxr_streamer] [error] rpc_terminal.cpp:37 operator (): connect failed, error= ???????????,?????, this = 0xc9cee550
[2023-03-27 17:43:51.079] [pxr_streamer] [error] rpc_terminal.cpp:37 operator (): connect failed, error= ???????????,?????, this = 0xc9cee550
[2023-03-27 17:43:54.148] [pxr_streamer] [error] rpc_terminal.cpp:37 operator (): connect failed, error= ???????????,?????, this = 0xc9cee550
[2023-03-27 17:43:57.210] [pxr_streamer] [error] rpc_terminal.cpp:37 operator (): connect failed, error= ???????????,?????, this = 0xc9cee550
[2023-03-27 17:44:00.265] [pxr_streamer] [error] rpc_terminal.cpp:37 operator (): connect failed, error= ???????????,?????, this = 0xc9cee550
[2023-03-27 17:44:03.318] [pxr_streamer] [error] rpc_terminal.cpp:37 operator (): connect failed, error= ???????????,?????, this = 0xc9cee550
[2023-03-27 17:44:06.387] [pxr_streamer] [error] rpc_terminal.cpp:37 operator (): connect failed, error= ???????????,?????, this = 0xc9cee550
[2023-03-27 17:44:09.433] [pxr_streamer] [error] rpc_terminal.cpp:37 operator (): connect failed, error= ???????????,?????, this = 0xc9cee550
[2023-03-27 17:44:12.502] [pxr_streamer] [error] rpc_terminal.cpp:37 operator (): connect failed, error= ???????????,?????, this = 0xc9cee550
[2023-03-27 17:44:15.554] [pxr_streamer] [error] rpc_terminal.cpp:37 operator (): connect failed, error= ???????????,?????, this = 0xc9cee550
[2023-03-27 17:44:18.604] [pxr_streamer] [error] rpc_terminal.cpp:37 operator (): connect failed, error= ???????????,?????, this = 0xc9cee550
[2023-03-27 17:44:21.657] [pxr_streamer] [error] rpc_terminal.cpp:37 operator (): connect failed, error= ???????????,?????, this = 0xc9cee550
[2023-03-27 17:44:24.704] [pxr_streamer] [error] rpc_terminal.cpp:37 operator (): connect failed, error= ???????????,?????, this = 0xc9cee550
[2023-03-27 17:44:27.774] [pxr_streamer] [error] rpc_terminal.cpp:37 operator (): connect failed, error= ???????????,?????, this = 0xc9cee550
[2023-03-27 17:44:30.830] [pxr_streamer] [error] rpc_terminal.cpp:37 operator (): connect failed, error= ???????????,?????, this = 0xc9cee550
[2023-03-27 17:44:33.875] [pxr_streamer] [error] rpc_terminal.cpp:37 operator (): connect failed, error= ???????????,?????, this = 0xc9cee550
[2023-03-27 17:44:36.920] [pxr_streamer] [error] rpc_terminal.cpp:37 operator (): connect failed, error= ???????????,?????, this = 0xc9cee550
[2023-03-27 17:44:39.979] [pxr_streamer] [error] rpc_terminal.cpp:37 operator (): connect failed, error= ???????????,?????, this = 0xc9cee550
[2023-03-27 17:44:43.005] [pxr_streamer] [error] rpc_terminal.cpp:37 operator (): connect failed, error= ???????????,?????, this = 0xc9cee550
[2023-03-27 17:44:46.076] [pxr_streamer] [error] rpc_terminal.cpp:37 operator (): connect failed, error= ???????????,?????, this = 0xc9cee550
[2023-03-27 17:44:49.129] [pxr_streamer] [error] rpc_terminal.cpp:37 operator (): connect failed, error= ???????????,?????, this = 0xc9cee550
[2023-03-27 17:44:52.192] [pxr_streamer] [error] rpc_terminal.cpp:37 operator (): connect failed, error= ???????????,?????, this = 0xc9cee550
[2023-03-27 17:44:55.248] [pxr_streamer] [error] rpc_terminal.cpp:37 operator (): connect failed, error= ???????????,?????, this = 0xc9cee550
[2023-03-27 17:44:58.307] [pxr_streamer] [error] rpc_terminal.cpp:37 operator (): connect failed, error= ???????????,?????, this = 0xc9cee550
[2023-03-27 17:45:01.370] [pxr_streamer] [error] rpc_terminal.cpp:37 operator (): connect failed, error= ???????????,?????, this = 0xc9cee550
[2023-03-27 17:45:04.412] [pxr_streamer] [error] rpc_terminal.cpp:37 operator (): connect failed, error= ???????????,?????, this = 0xc9cee550
[2023-03-27 17:45:07.478] [pxr_streamer] [error] rpc_terminal.cpp:37 operator (): connect failed, error= ???????????,?????, this = 0xc9cee550
[2023-03-27 17:45:10.530] [pxr_streamer] [error] rpc_terminal.cpp:37 operator (): connect failed, error= ???????????,?????, this = 0xc9cee550
[2023-03-27 17:45:13.593] [pxr_streamer] [error] rpc_terminal.cpp:37 operator (): connect failed, error= ???????????,?????, this = 0xc9cee550
[2023-03-27 17:45:16.643] [pxr_streamer] [error] rpc_terminal.cpp:37 operator (): connect failed, error= ???????????,?????, this = 0xc9cee550
[2023-03-27 17:45:19.710] [pxr_streamer] [error] rpc_terminal.cpp:37 operator (): connect failed, error= ???????????,?????, this = 0xc9cee550
[2023-03-27 17:45:22.771] [pxr_streamer] [error] rpc_terminal.cpp:37 operator (): connect failed, error= ???????????,?????, this = 0xc9cee550
[2023-03-27 17:45:25.836] [pxr_streamer] [error] rpc_terminal.cpp:37 operator (): connect failed, error= ???????????,?????, this = 0xc9cee550
[2023-03-27 17:45:28.895] [pxr_streamer] [error] rpc_terminal.cpp:37 operator (): connect failed, error= ???????????,?????, this = 0xc9cee550
[2023-03-27 17:45:31.937] [pxr_streamer] [error] rpc_terminal.cpp:37 operator (): connect failed, error= ???????????,?????, this = 0xc9cee550
[2023-03-27 17:45:34.998] [pxr_streamer] [error] rpc_terminal.cpp:37 operator (): connect failed, error= ???????????,?????, this = 0xc9cee550
[2023-03-27 17:45:38.051] [pxr_streamer] [error] rpc_terminal.cpp:37 operator (): connect failed, error= ???????????,?????, this = 0xc9cee550
[2023-03-27 17:45:41.117] [pxr_streamer] [error] rpc_terminal.cpp:37 operator (): connect failed, error= ???????????,?????, this = 0xc9cee550
[2023-03-27 17:45:44.165] [pxr_streamer] [error] rpc_terminal.cpp:37 operator (): connect failed, error= ???????????,?????, this = 0xc9cee550
[2023-03-27 17:45:47.234] [pxr_streamer] [error] rpc_terminal.cpp:37 operator (): connect failed, error= ???????????,?????, this = 0xc9cee550
[2023-03-27 17:45:50.300] [pxr_streamer] [error] rpc_terminal.cpp:37 operator (): connect failed, error= ???????????,?????, this = 0xc9cee550
[2023-03-27 17:45:53.346] [pxr_streamer] [error] rpc_terminal.cpp:37 operator (): connect failed, error= ???????????,?????, this = 0xc9cee550
[2023-03-27 17:45:56.409] [pxr_streamer] [error] rpc_terminal.cpp:37 operator (): connect failed, error= ???????????,?????, this = 0xc9cee550
[2023-03-27 17:45:59.441] [pxr_streamer] [error] rpc_terminal.cpp:37 operator (): connect failed, error= ???????????,?????, this = 0xc9cee550
[2023-03-27 17:46:02.505] [pxr_streamer] [error] rpc_terminal.cpp:37 operator (): connect failed, error= ???????????,?????, this = 0xc9cee550
[2023-03-27 17:46:05.578] [pxr_streamer] [error] rpc_terminal.cpp:37 operator (): connect failed, error= ???????????,?????, this = 0xc9cee550
[2023-03-27 17:46:08.635] [pxr_streamer] [error] rpc_terminal.cpp:37 operator (): connect failed, error= ???????????,?????, this = 0xc9cee550
[2023-03-27 17:46:11.697] [pxr_streamer] [error] rpc_terminal.cpp:37 operator (): connect failed, error= ???????????,?????, this = 0xc9cee550
[2023-03-27 17:46:14.748] [pxr_streamer] [error] rpc_terminal.cpp:37 operator (): connect failed, error= ???????????,?????, this = 0xc9cee550
[2023-03-27 17:46:17.813] [pxr_streamer] [error] rpc_terminal.cpp:37 operator (): connect failed, error= ???????????,?????, this = 0xc9cee550
[2023-03-27 17:46:20.867] [pxr_streamer] [error] rpc_terminal.cpp:37 operator (): connect failed, error= ???????????,?????, this = 0xc9cee550
[2023-03-27 17:46:23.931] [pxr_streamer] [error] rpc_terminal.cpp:37 operator (): connect failed, error= ???????????,?????, this = 0xc9cee550
[2023-03-27 17:46:26.979] [pxr_streamer] [error] rpc_terminal.cpp:37 operator (): connect failed, error= ???????????,?????, this = 0xc9cee550
[2023-03-27 17:46:30.030] [pxr_streamer] [error] rpc_terminal.cpp:37 operator (): connect failed, error= ???????????,?????, this = 0xc9cee550
[2023-03-27 17:46:33.070] [pxr_streamer] [error] rpc_terminal.cpp:37 operator (): connect failed, error= ???????????,?????, this = 0xc9cee550
[2023-03-27 17:46:36.115] [pxr_streamer] [error] rpc_terminal.cpp:37 operator (): connect failed, error= ???????????,?????, this = 0xc9cee550
[2023-03-27 17:46:39.171] [pxr_streamer] [error] rpc_terminal.cpp:37 operator (): connect failed, error= ???????????,?????, this = 0xc9cee550
[2023-03-27 17:46:42.238] [pxr_streamer] [error] rpc_terminal.cpp:37 operator (): connect failed, error= ???????????,?????, this = 0xc9cee550
[2023-03-27 17:46:45.284] [pxr_streamer] [error] rpc_terminal.cpp:37 operator (): connect failed, error= ???????????,?????, this = 0xc9cee550
[2023-03-27 17:46:48.321] [pxr_streamer] [error] rpc_terminal.cpp:37 operator (): connect failed, error= ???????????,?????, this = 0xc9cee550
[2023-03-27 17:46:51.376] [pxr_streamer] [error] rpc_terminal.cpp:37 operator (): connect failed, error= ???????????,?????, this = 0xc9cee550
[2023-03-27 17:46:54.433] [pxr_streamer] [error] rpc_terminal.cpp:37 operator (): connect failed, error= ???????????,?????, this = 0xc9cee550
[2023-03-27 17:46:57.496] [pxr_streamer] [error] rpc_terminal.cpp:37 operator (): connect failed, error= ???????????,?????, this = 0xc9cee550
[2023-03-27 17:47:00.551] [pxr_streamer] [error] rpc_terminal.cpp:37 operator (): connect failed, error= ???????????,?????, this = 0xc9cee550
[2023-03-27 17:47:03.599] [pxr_streamer] [error] rpc_terminal.cpp:37 operator (): connect failed, error= ???????????,?????, this = 0xc9cee550
[2023-03-27 17:47:06.653] [pxr_streamer] [error] rpc_terminal.cpp:37 operator (): connect failed, error= ???????????,?????, this = 0xc9cee550
[2023-03-27 17:47:09.718] [pxr_streamer] [error] rpc_terminal.cpp:37 operator (): connect failed, error= ???????????,?????, this = 0xc9cee550
[2023-03-27 17:47:12.776] [pxr_streamer] [error] rpc_terminal.cpp:37 operator (): connect failed, error= ???????????,?????, this = 0xc9cee550
[2023-03-27 17:47:15.834] [pxr_streamer] [error] rpc_terminal.cpp:37 operator (): connect failed, error= ???????????,?????, this = 0xc9cee550
[2023-03-27 17:47:18.897] [pxr_streamer] [error] rpc_terminal.cpp:37 operator (): connect failed, error= ???????????,?????, this = 0xc9cee550
[2023-03-27 17:47:21.939] [pxr_streamer] [error] rpc_terminal.cpp:37 operator (): connect failed, error= ???????????,?????, this = 0xc9cee550
[2023-03-27 17:47:24.997] [pxr_streamer] [error] rpc_terminal.cpp:37 operator (): connect failed, error= ???????????,?????, this = 0xc9cee550
[2023-03-27 17:47:28.060] [pxr_streamer] [error] rpc_terminal.cpp:37 operator (): connect failed, error= ???????????,?????, this = 0xc9cee550
[2023-03-27 17:47:31.125] [pxr_streamer] [error] rpc_terminal.cpp:37 operator (): connect failed, error= ???????????,?????, this = 0xc9cee550
[2023-03-27 17:47:34.166] [pxr_streamer] [error] rpc_terminal.cpp:37 operator (): connect failed, error= ???????????,?????, this = 0xc9cee550
[2023-03-27 17:47:37.228] [pxr_streamer] [error] rpc_terminal.cpp:37 operator (): connect failed, error= ???????????,?????, this = 0xc9cee550
[2023-03-27 17:47:40.289] [pxr_streamer] [error] rpc_terminal.cpp:37 operator (): connect failed, error= ???????????,?????, this = 0xc9cee550
[2023-03-27 17:47:43.340] [pxr_streamer] [error] rpc_terminal.cpp:37 operator (): connect failed, error= ???????????,?????, this = 0xc9cee550
[2023-03-27 17:47:46.398] [pxr_streamer] [error] rpc_terminal.cpp:37 operator (): connect failed, error= ???????????,?????, this = 0xc9cee550
[2023-03-27 17:47:49.444] [pxr_streamer] [error] rpc_terminal.cpp:37 operator (): connect failed, error= ???????????,?????, this = 0xc9cee550
[2023-03-27 17:47:52.499] [pxr_streamer] [error] rpc_terminal.cpp:37 operator (): connect failed, error= ???????????,?????, this = 0xc9cee550
[2023-03-27 17:47:55.559] [pxr_streamer] [error] rpc_terminal.cpp:37 operator (): connect failed, error= ???????????,?????, this = 0xc9cee550
[2023-03-27 17:47:58.618] [pxr_streamer] [error] rpc_terminal.cpp:37 operator (): connect failed, error= ???????????,?????, this = 0xc9cee550
[2023-03-27 17:48:01.680] [pxr_streamer] [error] rpc_terminal.cpp:37 operator (): connect failed, error= ???????????,?????, this = 0xc9cee550
[2023-03-27 17:48:04.734] [pxr_streamer] [error] rpc_terminal.cpp:37 operator (): connect failed, error= ???????????,?????, this = 0xc9cee550
[2023-03-27 17:48:07.788] [pxr_streamer] [error] rpc_terminal.cpp:37 operator (): connect failed, error= ???????????,?????, this = 0xc9cee550
[2023-03-27 17:48:10.844] [pxr_streamer] [error] rpc_terminal.cpp:37 operator (): connect failed, error= ???????????,?????, this = 0xc9cee550
[2023-03-27 17:48:13.893] [pxr_streamer] [error] rpc_terminal.cpp:37 operator (): connect failed, error= ???????????,?????, this = 0xc9cee550
[2023-03-27 17:48:16.954] [pxr_streamer] [error] rpc_terminal.cpp:37 operator (): connect failed, error= ???????????,?????, this = 0xc9cee550
[2023-03-27 17:48:20.006] [pxr_streamer] [error] rpc_terminal.cpp:37 operator (): connect failed, error= ???????????,?????, this = 0xc9cee550
[2023-03-27 17:48:23.072] [pxr_streamer] [error] rpc_terminal.cpp:37 operator (): connect failed, error= ???????????,?????, this = 0xc9cee550
[2023-03-27 17:48:26.122] [pxr_streamer] [error] rpc_terminal.cpp:37 operator (): connect failed, error= ???????????,?????, this = 0xc9cee550
[2023-03-27 17:48:29.189] [pxr_streamer] [error] rpc_terminal.cpp:37 operator (): connect failed, error= ???????????,?????, this = 0xc9cee550
[2023-03-27 17:48:32.261] [pxr_streamer] [error] rpc_terminal.cpp:37 operator (): connect failed, error= ???????????,?????, this = 0xc9cee550
[2023-03-27 17:48:35.316] [pxr_streamer] [error] rpc_terminal.cpp:37 operator (): connect failed, error= ???????????,?????, this = 0xc9cee550
[2023-03-27 17:48:38.369] [pxr_streamer] [error] rpc_terminal.cpp:37 operator (): connect failed, error= ???????????,?????, this = 0xc9cee550
[2023-03-27 17:48:41.413] [pxr_streamer] [error] rpc_terminal.cpp:37 operator (): connect failed, error= ???????????,?????, this = 0xc9cee550
[2023-03-27 17:48:44.468] [pxr_streamer] [error] rpc_terminal.cpp:37 operator (): connect failed, error= ???????????,?????, this = 0xc9cee550
[2023-03-27 17:48:47.500] [pxr_streamer] [error] rpc_terminal.cpp:37 operator (): connect failed, error= ???????????,?????, this = 0xc9cee550
[2023-03-27 17:48:48.666] [pxr_streamer] [error] rpc_terminal.cpp:37 operator (): connect failed, error= ???????????,?????, this = 0xeb53da00
[2023-03-27 17:48:48.666] [pxr_streamer] [error] rpc_terminal.h:50 Call: invalid rpc_client_, msg = Hello, this = 0xeb53da00
[2023-03-27 17:48:48.666] [pxr_streamer] [error] rpc_terminal.h:50 Call: invalid rpc_client_, msg = QueryRemoteTerminals, this = 0xeb53da00
[2023-03-27 17:48:50.535] [pxr_streamer] [error] rpc_terminal.cpp:37 operator (): connect failed, error= ???????????,?????, this = 0xc9cee550
[2023-03-27 17:48:51.717] [pxr_streamer] [error] rpc_terminal.cpp:37 operator (): connect failed, error= ???????????,?????, this = 0xeb53da00
[2023-03-27 17:48:53.582] [pxr_streamer] [error] rpc_terminal.cpp:37 operator (): connect failed, error= ???????????,?????, this = 0xc9cee550
[2023-03-27 17:48:54.764] [pxr_streamer] [error] rpc_terminal.cpp:37 operator (): connect failed, error= ???????????,?????, this = 0xeb53da00
[2023-03-27 17:48:56.630] [pxr_streamer] [error] rpc_terminal.cpp:37 operator (): connect failed, error= ???????????,?????, this = 0xc9cee550
[2023-03-27 17:48:57.799] [pxr_streamer] [error] rpc_terminal.cpp:37 operator (): connect failed, error= ???????????,?????, this = 0xeb53da00
[2023-03-27 17:48:59.682] [pxr_streamer] [error] rpc_terminal.cpp:37 operator (): connect failed, error= ???????????,?????, this = 0xc9cee550
[2023-03-27 17:49:00.844] [pxr_streamer] [error] rpc_terminal.cpp:37 operator (): connect failed, error= ???????????,?????, this = 0xeb53da00
[2023-03-27 17:49:02.718] [pxr_streamer] [error] rpc_terminal.cpp:37 operator (): connect failed, error= ???????????,?????, this = 0xc9cee550
[2023-03-27 17:49:03.881] [pxr_streamer] [error] rpc_terminal.cpp:37 operator (): connect failed, error= ???????????,?????, this = 0xeb53da00
[2023-03-27 17:49:05.764] [pxr_streamer] [error] rpc_terminal.cpp:37 operator (): connect failed, error= ???????????,?????, this = 0xc9cee550
[2023-03-27 17:49:06.925] [pxr_streamer] [error] rpc_terminal.cpp:37 operator (): connect failed, error= ???????????,?????, this = 0xeb53da00
[2023-03-27 17:49:08.802] [pxr_streamer] [error] rpc_terminal.cpp:37 operator (): connect failed, error= ???????????,?????, this = 0xc9cee550
[2023-03-27 17:49:09.964] [pxr_streamer] [error] rpc_terminal.cpp:37 operator (): connect failed, error= ???????????,?????, this = 0xeb53da00
[2023-03-27 17:49:11.838] [pxr_streamer] [error] rpc_terminal.cpp:37 operator (): connect failed, error= ???????????,?????, this = 0xc9cee550
[2023-03-27 17:49:13.015] [pxr_streamer] [error] rpc_terminal.cpp:37 operator (): connect failed, error= ???????????,?????, this = 0xeb53da00
[2023-03-27 17:49:14.893] [pxr_streamer] [error] rpc_terminal.cpp:37 operator (): connect failed, error= ???????????,?????, this = 0xc9cee550
[2023-03-27 17:49:16.054] [pxr_streamer] [error] rpc_terminal.cpp:37 operator (): connect failed, error= ???????????,?????, this = 0xeb53da00
[2023-03-27 17:49:17.937] [pxr_streamer] [error] rpc_terminal.cpp:37 operator (): connect failed, error= ???????????,?????, this = 0xc9cee550
[2023-03-27 17:49:19.104] [pxr_streamer] [error] rpc_terminal.cpp:37 operator (): connect failed, error= ???????????,?????, this = 0xeb53da00
[2023-03-27 17:49:20.972] [pxr_streamer] [error] rpc_terminal.cpp:37 operator (): connect failed, error= ???????????,?????, this = 0xc9cee550
[2023-03-27 17:49:22.155] [pxr_streamer] [error] rpc_terminal.cpp:37 operator (): connect failed, error= ???????????,?????, this = 0xeb53da00
[2023-03-27 17:49:24.007] [pxr_streamer] [error] rpc_terminal.cpp:37 operator (): connect failed, error= ???????????,?????, this = 0xc9cee550
[2023-03-27 17:49:25.216] [pxr_streamer] [error] rpc_terminal.cpp:37 operator (): connect failed, error= ???????????,?????, this = 0xeb53da00
[2023-03-27 17:49:27.067] [pxr_streamer] [error] rpc_terminal.cpp:37 operator (): connect failed, error= ???????????,?????, this = 0xc9cee550
[2023-03-27 17:49:28.250] [pxr_streamer] [error] rpc_terminal.cpp:37 operator (): connect failed, error= ???????????,?????, this = 0xeb53da00
[2023-03-27 17:49:30.111] [pxr_streamer] [error] rpc_terminal.cpp:37 operator (): connect failed, error= ???????????,?????, this = 0xc9cee550
[2023-03-27 17:49:31.294] [pxr_streamer] [error] rpc_terminal.cpp:37 operator (): connect failed, error= ???????????,?????, this = 0xeb53da00
[2023-03-27 17:49:33.158] [pxr_streamer] [error] rpc_terminal.cpp:37 operator (): connect failed, error= ???????????,?????, this = 0xc9cee550
[2023-03-27 17:49:34.338] [pxr_streamer] [error] rpc_terminal.cpp:37 operator (): connect failed, error= ???????????,?????, this = 0xeb53da00
[2023-03-27 17:49:36.208] [pxr_streamer] [error] rpc_terminal.cpp:37 operator (): connect failed, error= ???????????,?????, this = 0xc9cee550
[2023-03-27 17:49:37.390] [pxr_streamer] [error] rpc_terminal.cpp:37 operator (): connect failed, error= ???????????,?????, this = 0xeb53da00
[2023-03-27 17:49:39.243] [pxr_streamer] [error] rpc_terminal.cpp:37 operator (): connect failed, error= ???????????,?????, this = 0xc9cee550
[2023-03-27 17:49:40.435] [pxr_streamer] [error] rpc_terminal.cpp:37 operator (): connect failed, error= ???????????,?????, this = 0xeb53da00
[2023-03-27 17:49:42.266] [pxr_streamer] [error] rpc_terminal.cpp:37 operator (): connect failed, error= ???????????,?????, this = 0xc9cee550
[2023-03-27 17:49:43.466] [pxr_streamer] [error] rpc_terminal.cpp:37 operator (): connect failed, error= ???????????,?????, this = 0xeb53da00
[2023-03-27 17:49:45.316] [pxr_streamer] [error] rpc_terminal.cpp:37 operator (): connect failed, error= ???????????,?????, this = 0xc9cee550
[2023-03-27 17:49:46.527] [pxr_streamer] [error] rpc_terminal.cpp:37 operator (): connect failed, error= ???????????,?????, this = 0xeb53da00
[2023-03-27 17:49:48.362] [pxr_streamer] [error] rpc_terminal.cpp:37 operator (): connect failed, error= ???????????,?????, this = 0xc9cee550
[2023-03-27 17:49:49.566] [pxr_streamer] [error] rpc_terminal.cpp:37 operator (): connect failed, error= ???????????,?????, this = 0xeb53da00
[2023-03-27 17:49:51.403] [pxr_streamer] [error] rpc_terminal.cpp:37 operator (): connect failed, error= ???????????,?????, this = 0xc9cee550
[2023-03-27 17:49:52.601] [pxr_streamer] [error] rpc_terminal.cpp:37 operator (): connect failed, error= ???????????,?????, this = 0xeb53da00
[2023-03-27 17:49:54.442] [pxr_streamer] [error] rpc_terminal.cpp:37 operator (): connect failed, error= ???????????,?????, this = 0xc9cee550
[2023-03-27 17:49:55.654] [pxr_streamer] [error] rpc_terminal.cpp:37 operator (): connect failed, error= ???????????,?????, this = 0xeb53da00
[2023-03-27 17:49:57.489] [pxr_streamer] [error] rpc_terminal.cpp:37 operator (): connect failed, error= ???????????,?????, this = 0xc9cee550
[2023-03-27 17:49:58.702] [pxr_streamer] [error] rpc_terminal.cpp:37 operator (): connect failed, error= ???????????,?????, this = 0xeb53da00
[2023-03-27 17:50:00.513] [pxr_streamer] [error] rpc_terminal.cpp:37 operator (): connect failed, error= ???????????,?????, this = 0xc9cee550
[2023-03-27 17:50:01.741] [pxr_streamer] [error] rpc_terminal.cpp:37 operator (): connect failed, error= ???????????,?????, this = 0xeb53da00
[2023-03-27 17:50:03.577] [pxr_streamer] [error] rpc_terminal.cpp:37 operator (): connect failed, error= ???????????,?????, this = 0xc9cee550
[2023-03-27 17:50:04.792] [pxr_streamer] [error] rpc_terminal.cpp:37 operator (): connect failed, error= ???????????,?????, this = 0xeb53da00
[2023-03-27 17:50:06.622] [pxr_streamer] [error] rpc_terminal.cpp:37 operator (): connect failed, error= ???????????,?????, this = 0xc9cee550
[2023-03-27 17:50:07.818] [pxr_streamer] [error] rpc_terminal.cpp:37 operator (): connect failed, error= ???????????,?????, this = 0xeb53da00
[2023-03-27 17:50:09.662] [pxr_streamer] [error] rpc_terminal.cpp:37 operator (): connect failed, error= ???????????,?????, this = 0xc9cee550
[2023-03-27 17:50:10.857] [pxr_streamer] [error] rpc_terminal.cpp:37 operator (): connect failed, error= ???????????,?????, this = 0xeb53da00
[2023-03-27 17:50:12.706] [pxr_streamer] [error] rpc_terminal.cpp:37 operator (): connect failed, error= ???????????,?????, this = 0xc9cee550
[2023-03-27 17:50:13.898] [pxr_streamer] [error] rpc_terminal.cpp:37 operator (): connect failed, error= ???????????,?????, this = 0xeb53da00
[2023-03-27 17:50:15.749] [pxr_streamer] [error] rpc_terminal.cpp:37 operator (): connect failed, error= ???????????,?????, this = 0xc9cee550
[2023-03-27 17:50:16.934] [pxr_streamer] [error] rpc_terminal.cpp:37 operator (): connect failed, error= ???????????,?????, this = 0xeb53da00
[2023-03-27 17:50:18.803] [pxr_streamer] [error] rpc_terminal.cpp:37 operator (): connect failed, error= ???????????,?????, this = 0xc9cee550
[2023-03-27 17:50:19.946] [pxr_streamer] [error] rpc_terminal.cpp:37 operator (): connect failed, error= ???????????,?????, this = 0xeb53da00
[2023-03-27 17:50:21.832] [pxr_streamer] [error] rpc_terminal.cpp:37 operator (): connect failed, error= ???????????,?????, this = 0xc9cee550
[2023-03-27 17:50:22.999] [pxr_streamer] [error] rpc_terminal.cpp:37 operator (): connect failed, error= ???????????,?????, this = 0xeb53da00
[2023-03-27 17:50:24.867] [pxr_streamer] [error] rpc_terminal.cpp:37 operator (): connect failed, error= ???????????,?????, this = 0xc9cee550
[2023-03-27 17:50:26.049] [pxr_streamer] [error] rpc_terminal.cpp:37 operator (): connect failed, error= ???????????,?????, this = 0xeb53da00
[2023-03-27 17:50:27.916] [pxr_streamer] [error] rpc_terminal.cpp:37 operator (): connect failed, error= ???????????,?????, this = 0xc9cee550
[2023-03-27 17:50:29.101] [pxr_streamer] [error] rpc_terminal.cpp:37 operator (): connect failed, error= ???????????,?????, this = 0xeb53da00
[2023-03-27 17:50:30.964] [pxr_streamer] [error] rpc_terminal.cpp:37 operator (): connect failed, error= ???????????,?????, this = 0xc9cee550
[2023-03-27 17:50:32.119] [pxr_streamer] [error] rpc_terminal.cpp:37 operator (): connect failed, error= ???????????,?????, this = 0xeb53da00
[2023-03-27 17:50:34.016] [pxr_streamer] [error] rpc_terminal.cpp:37 operator (): connect failed, error= ???????????,?????, this = 0xc9cee550
[2023-03-27 17:50:35.142] [pxr_streamer] [error] rpc_terminal.cpp:37 operator (): connect failed, error= ???????????,?????, this = 0xeb53da00
[2023-03-27 17:50:37.052] [pxr_streamer] [error] rpc_terminal.cpp:37 operator (): connect failed, error= ???????????,?????, this = 0xc9cee550
[2023-03-27 17:50:38.183] [pxr_streamer] [error] rpc_terminal.cpp:37 operator (): connect failed, error= ???????????,?????, this = 0xeb53da00
[2023-03-27 17:50:40.093] [pxr_streamer] [error] rpc_terminal.cpp:37 operator (): connect failed, error= ???????????,?????, this = 0xc9cee550
[2023-03-27 17:50:41.230] [pxr_streamer] [error] rpc_terminal.cpp:37 operator (): connect failed, error= ???????????,?????, this = 0xeb53da00
[2023-03-27 17:50:43.146] [pxr_streamer] [error] rpc_terminal.cpp:37 operator (): connect failed, error= ???????????,?????, this = 0xc9cee550
[2023-03-27 17:50:44.298] [pxr_streamer] [error] rpc_terminal.cpp:37 operator (): connect failed, error= ???????????,?????, this = 0xeb53da00
[2023-03-27 17:50:46.212] [pxr_streamer] [error] rpc_terminal.cpp:37 operator (): connect failed, error= ???????????,?????, this = 0xc9cee550
[2023-03-27 17:50:47.364] [pxr_streamer] [error] rpc_terminal.cpp:37 operator (): connect failed, error= ???????????,?????, this = 0xeb53da00
[2023-03-27 17:50:49.244] [pxr_streamer] [error] rpc_terminal.cpp:37 operator (): connect failed, error= ???????????,?????, this = 0xc9cee550
[2023-03-27 17:50:50.426] [pxr_streamer] [error] rpc_terminal.cpp:37 operator (): connect failed, error= ???????????,?????, this = 0xeb53da00
[2023-03-27 17:50:52.283] [pxr_streamer] [error] rpc_terminal.cpp:37 operator (): connect failed, error= ???????????,?????, this = 0xc9cee550
[2023-03-27 17:50:53.480] [pxr_streamer] [error] rpc_terminal.cpp:37 operator (): connect failed, error= ???????????,?????, this = 0xeb53da00
[2023-03-27 17:50:55.325] [pxr_streamer] [error] rpc_terminal.cpp:37 operator (): connect failed, error= ???????????,?????, this = 0xc9cee550
[2023-03-27 17:50:55.713] [pxr_streamer] [error] rpc_terminal.cpp:37 operator (): connect failed, error= ???????????,?????, this = 0xbe5c5f80
[2023-03-27 17:50:55.713] [pxr_streamer] [error] rpc_terminal.h:50 Call: invalid rpc_client_, msg = Hello, this = 0xbe5c5f80
[2023-03-27 17:50:55.713] [pxr_streamer] [error] rpc_terminal.h:50 Call: invalid rpc_client_, msg = QueryRemoteTerminals, this = 0xbe5c5f80
[2023-03-27 17:50:56.521] [pxr_streamer] [error] rpc_terminal.cpp:37 operator (): connect failed, error= ???????????,?????, this = 0xeb53da00
[2023-03-27 17:50:58.355] [pxr_streamer] [error] rpc_terminal.cpp:37 operator (): connect failed, error= ???????????,?????, this = 0xc9cee550
[2023-03-27 17:50:58.756] [pxr_streamer] [error] rpc_terminal.cpp:37 operator (): connect failed, error= ???????????,?????, this = 0xbe5c5f80
[2023-03-27 17:50:59.550] [pxr_streamer] [error] rpc_terminal.cpp:37 operator (): connect failed, error= ???????????,?????, this = 0xeb53da00
[2023-03-27 17:51:01.374] [pxr_streamer] [error] rpc_terminal.cpp:37 operator (): connect failed, error= ???????????,?????, this = 0xc9cee550
[2023-03-27 17:51:01.794] [pxr_streamer] [error] rpc_terminal.cpp:37 operator (): connect failed, error= ???????????,?????, this = 0xbe5c5f80
[2023-03-27 17:51:02.603] [pxr_streamer] [error] rpc_terminal.cpp:37 operator (): connect failed, error= ???????????,?????, this = 0xeb53da00
[2023-03-27 17:51:04.426] [pxr_streamer] [error] rpc_terminal.cpp:37 operator (): connect failed, error= ???????????,?????, this = 0xc9cee550
[2023-03-27 17:51:04.848] [pxr_streamer] [error] rpc_terminal.cpp:37 operator (): connect failed, error= ???????????,?????, this = 0xbe5c5f80
[2023-03-27 17:51:05.642] [pxr_streamer] [error] rpc_terminal.cpp:37 operator (): connect failed, error= ???????????,?????, this = 0xeb53da00
[2023-03-27 17:51:07.473] [pxr_streamer] [error] rpc_terminal.cpp:37 operator (): connect failed, error= ???????????,?????, this = 0xc9cee550
[2023-03-27 17:51:07.894] [pxr_streamer] [error] rpc_terminal.cpp:37 operator (): connect failed, error= ???????????,?????, this = 0xbe5c5f80
[2023-03-27 17:51:08.687] [pxr_streamer] [error] rpc_terminal.cpp:37 operator (): connect failed, error= ???????????,?????, this = 0xeb53da00
[2023-03-27 17:51:10.487] [pxr_streamer] [error] rpc_terminal.cpp:37 operator (): connect failed, error= ???????????,?????, this = 0xc9cee550
[2023-03-27 17:51:10.927] [pxr_streamer] [error] rpc_terminal.cpp:37 operator (): connect failed, error= ???????????,?????, this = 0xbe5c5f80
