[2023-04-07 13:48:30.942] [pxr_streamer] [info] ***********  Log Begin **********
[2023-04-07 13:48:30.942] [pxr_streamer] [info] process id= 49232
[2023-04-07 13:48:30.942] [pxr_streamer] [error] rpc_terminal.cpp:37 operator (): connect failed, error= ???????????,?????, this = 0x707d4610
[2023-04-07 13:48:30.942] [pxr_streamer] [error] rpc_terminal.h:50 Call: invalid rpc_client_, msg = Hello, this = 0x707d4610
[2023-04-07 13:48:30.942] [pxr_streamer] [error] rpc_terminal.h:50 Call: invalid rpc_client_, msg = QueryRemoteTerminals, this = 0x707d4610
[2023-04-07 13:48:33.990] [pxr_streamer] [error] rpc_terminal.cpp:37 operator (): connect failed, error= ???????????,?????, this = 0x707d4610
[2023-04-07 13:48:37.029] [pxr_streamer] [error] rpc_terminal.cpp:37 operator (): connect failed, error= ???????????,?????, this = 0x707d4610
[2023-04-07 13:48:40.070] [pxr_streamer] [error] rpc_terminal.cpp:37 operator (): connect failed, error= ???????????,?????, this = 0x707d4610
[2023-04-07 13:48:43.114] [pxr_streamer] [error] rpc_terminal.cpp:37 operator (): connect failed, error= ???????????,?????, this = 0x707d4610
[2023-04-07 13:48:46.160] [pxr_streamer] [error] rpc_terminal.cpp:37 operator (): connect failed, error= ???????????,?????, this = 0x707d4610
[2023-04-07 13:48:49.194] [pxr_streamer] [error] rpc_terminal.cpp:37 operator (): connect failed, error= ???????????,?????, this = 0x707d4610
[2023-04-07 13:48:52.224] [pxr_streamer] [error] rpc_terminal.cpp:37 operator (): connect failed, error= ???????????,?????, this = 0x707d4610
[2023-04-07 13:48:53.028] [pxr_streamer] [error] rpc_terminal.cpp:37 operator (): connect failed, error= ???????????,?????, this = 0x6d756df0
[2023-04-07 13:48:53.029] [pxr_streamer] [error] rpc_terminal.h:50 Call: invalid rpc_client_, msg = Hello, this = 0x6d756df0
[2023-04-07 13:48:53.029] [pxr_streamer] [error] rpc_terminal.h:50 Call: invalid rpc_client_, msg = QueryRemoteTerminals, this = 0x6d756df0
[2023-04-07 13:48:55.269] [pxr_streamer] [error] rpc_terminal.cpp:37 operator (): connect failed, error= ???????????,?????, this = 0x707d4610
[2023-04-07 13:48:56.074] [pxr_streamer] [error] rpc_terminal.cpp:37 operator (): connect failed, error= ???????????,?????, this = 0x6d756df0
[2023-04-07 13:48:58.313] [pxr_streamer] [error] rpc_terminal.cpp:37 operator (): connect failed, error= ???????????,?????, this = 0x707d4610
[2023-04-07 13:48:59.115] [pxr_streamer] [error] rpc_terminal.cpp:37 operator (): connect failed, error= ???????????,?????, this = 0x6d756df0
[2023-04-07 13:49:01.343] [pxr_streamer] [error] rpc_terminal.cpp:37 operator (): connect failed, error= ???????????,?????, this = 0x707d4610
[2023-04-07 13:49:02.146] [pxr_streamer] [error] rpc_terminal.cpp:37 operator (): connect failed, error= ???????????,?????, this = 0x6d756df0
[2023-04-07 13:49:04.384] [pxr_streamer] [error] rpc_terminal.cpp:37 operator (): connect failed, error= ???????????,?????, this = 0x707d4610
[2023-04-07 13:49:05.187] [pxr_streamer] [error] rpc_terminal.cpp:37 operator (): connect failed, error= ???????????,?????, this = 0x6d756df0
[2023-04-07 13:49:07.419] [pxr_streamer] [error] rpc_terminal.cpp:37 operator (): connect failed, error= ???????????,?????, this = 0x707d4610
[2023-04-07 13:49:08.224] [pxr_streamer] [error] rpc_terminal.cpp:37 operator (): connect failed, error= ???????????,?????, this = 0x6d756df0
[2023-04-07 13:49:10.467] [pxr_streamer] [error] rpc_terminal.cpp:37 operator (): connect failed, error= ???????????,?????, this = 0x707d4610
[2023-04-07 13:49:11.273] [pxr_streamer] [error] rpc_terminal.cpp:37 operator (): connect failed, error= ???????????,?????, this = 0x6d756df0
[2023-04-07 13:49:13.500] [pxr_streamer] [error] rpc_terminal.cpp:37 operator (): connect failed, error= ???????????,?????, this = 0x707d4610
[2023-04-07 13:49:14.305] [pxr_streamer] [error] rpc_terminal.cpp:37 operator (): connect failed, error= ???????????,?????, this = 0x6d756df0
[2023-04-07 13:49:16.548] [pxr_streamer] [error] rpc_terminal.cpp:37 operator (): connect failed, error= ???????????,?????, this = 0x707d4610
[2023-04-07 13:49:17.352] [pxr_streamer] [error] rpc_terminal.cpp:37 operator (): connect failed, error= ???????????,?????, this = 0x6d756df0
[2023-04-07 13:49:19.594] [pxr_streamer] [error] rpc_terminal.cpp:37 operator (): connect failed, error= ???????????,?????, this = 0x707d4610
[2023-04-07 13:49:20.401] [pxr_streamer] [error] rpc_terminal.cpp:37 operator (): connect failed, error= ???????????,?????, this = 0x6d756df0
[2023-04-07 13:49:22.626] [pxr_streamer] [error] rpc_terminal.cpp:37 operator (): connect failed, error= ???????????,?????, this = 0x707d4610
[2023-04-07 13:49:23.445] [pxr_streamer] [error] rpc_terminal.cpp:37 operator (): connect failed, error= ???????????,?????, this = 0x6d756df0
[2023-04-07 13:49:25.665] [pxr_streamer] [error] rpc_terminal.cpp:37 operator (): connect failed, error= ???????????,?????, this = 0x707d4610
[2023-04-07 13:49:26.482] [pxr_streamer] [error] rpc_terminal.cpp:37 operator (): connect failed, error= ???????????,?????, this = 0x6d756df0
[2023-04-07 13:49:28.711] [pxr_streamer] [error] rpc_terminal.cpp:37 operator (): connect failed, error= ???????????,?????, this = 0x707d4610
[2023-04-07 13:49:29.517] [pxr_streamer] [error] rpc_terminal.cpp:37 operator (): connect failed, error= ???????????,?????, this = 0x6d756df0
[2023-04-07 13:49:31.742] [pxr_streamer] [error] rpc_terminal.cpp:37 operator (): connect failed, error= ???????????,?????, this = 0x707d4610
[2023-04-07 13:49:32.560] [pxr_streamer] [error] rpc_terminal.cpp:37 operator (): connect failed, error= ???????????,?????, this = 0x6d756df0
[2023-04-07 13:49:34.787] [pxr_streamer] [error] rpc_terminal.cpp:37 operator (): connect failed, error= ???????????,?????, this = 0x707d4610
[2023-04-07 13:49:35.593] [pxr_streamer] [error] rpc_terminal.cpp:37 operator (): connect failed, error= ???????????,?????, this = 0x6d756df0
[2023-04-07 13:49:37.819] [pxr_streamer] [error] rpc_terminal.cpp:37 operator (): connect failed, error= ???????????,?????, this = 0x707d4610
[2023-04-07 13:49:38.623] [pxr_streamer] [error] rpc_terminal.cpp:37 operator (): connect failed, error= ???????????,?????, this = 0x6d756df0
[2023-04-07 13:49:40.853] [pxr_streamer] [error] rpc_terminal.cpp:37 operator (): connect failed, error= ???????????,?????, this = 0x707d4610
[2023-04-07 13:49:41.657] [pxr_streamer] [error] rpc_terminal.cpp:37 operator (): connect failed, error= ???????????,?????, this = 0x6d756df0
[2023-04-07 13:49:43.900] [pxr_streamer] [error] rpc_terminal.cpp:37 operator (): connect failed, error= ???????????,?????, this = 0x707d4610
[2023-04-07 13:49:44.688] [pxr_streamer] [error] rpc_terminal.cpp:37 operator (): connect failed, error= ???????????,?????, this = 0x6d756df0
[2023-04-07 13:49:46.941] [pxr_streamer] [error] rpc_terminal.cpp:37 operator (): connect failed, error= ???????????,?????, this = 0x707d4610
[2023-04-07 13:49:47.730] [pxr_streamer] [error] rpc_terminal.cpp:37 operator (): connect failed, error= ???????????,?????, this = 0x6d756df0
[2023-04-07 13:49:49.974] [pxr_streamer] [error] rpc_terminal.cpp:37 operator (): connect failed, error= ???????????,?????, this = 0x707d4610
[2023-04-07 13:49:50.765] [pxr_streamer] [error] rpc_terminal.cpp:37 operator (): connect failed, error= ???????????,?????, this = 0x6d756df0
[2023-04-07 13:49:53.006] [pxr_streamer] [error] rpc_terminal.cpp:37 operator (): connect failed, error= ???????????,?????, this = 0x707d4610
[2023-04-07 13:49:53.814] [pxr_streamer] [error] rpc_terminal.cpp:37 operator (): connect failed, error= ???????????,?????, this = 0x6d756df0
[2023-04-07 13:49:56.043] [pxr_streamer] [error] rpc_terminal.cpp:37 operator (): connect failed, error= ???????????,?????, this = 0x707d4610
[2023-04-07 13:49:56.847] [pxr_streamer] [error] rpc_terminal.cpp:37 operator (): connect failed, error= ???????????,?????, this = 0x6d756df0
[2023-04-07 13:49:59.079] [pxr_streamer] [error] rpc_terminal.cpp:37 operator (): connect failed, error= ???????????,?????, this = 0x707d4610
[2023-04-07 13:49:59.887] [pxr_streamer] [error] rpc_terminal.cpp:37 operator (): connect failed, error= ???????????,?????, this = 0x6d756df0
[2023-04-07 13:50:02.117] [pxr_streamer] [error] rpc_terminal.cpp:37 operator (): connect failed, error= ???????????,?????, this = 0x707d4610
[2023-04-07 13:50:02.922] [pxr_streamer] [error] rpc_terminal.cpp:37 operator (): connect failed, error= ???????????,?????, this = 0x6d756df0
[2023-04-07 13:50:05.148] [pxr_streamer] [error] rpc_terminal.cpp:37 operator (): connect failed, error= ???????????,?????, this = 0x707d4610
[2023-04-07 13:50:05.971] [pxr_streamer] [error] rpc_terminal.cpp:37 operator (): connect failed, error= ???????????,?????, this = 0x6d756df0
[2023-04-07 13:50:08.197] [pxr_streamer] [error] rpc_terminal.cpp:37 operator (): connect failed, error= ???????????,?????, this = 0x707d4610
[2023-04-07 13:50:09.017] [pxr_streamer] [error] rpc_terminal.cpp:37 operator (): connect failed, error= ???????????,?????, this = 0x6d756df0
[2023-04-07 13:50:11.244] [pxr_streamer] [error] rpc_terminal.cpp:37 operator (): connect failed, error= ???????????,?????, this = 0x707d4610
[2023-04-07 13:50:12.049] [pxr_streamer] [error] rpc_terminal.cpp:37 operator (): connect failed, error= ???????????,?????, this = 0x6d756df0
[2023-04-07 13:50:14.295] [pxr_streamer] [error] rpc_terminal.cpp:37 operator (): connect failed, error= ???????????,?????, this = 0x707d4610
[2023-04-07 13:50:15.099] [pxr_streamer] [error] rpc_terminal.cpp:37 operator (): connect failed, error= ???????????,?????, this = 0x6d756df0
[2023-04-07 13:50:17.342] [pxr_streamer] [error] rpc_terminal.cpp:37 operator (): connect failed, error= ???????????,?????, this = 0x707d4610
[2023-04-07 13:50:18.149] [pxr_streamer] [error] rpc_terminal.cpp:37 operator (): connect failed, error= ???????????,?????, this = 0x6d756df0
[2023-04-07 13:50:20.384] [pxr_streamer] [error] rpc_terminal.cpp:37 operator (): connect failed, error= ???????????,?????, this = 0x707d4610
[2023-04-07 13:50:21.190] [pxr_streamer] [error] rpc_terminal.cpp:37 operator (): connect failed, error= ???????????,?????, this = 0x6d756df0
[2023-04-07 13:50:23.421] [pxr_streamer] [error] rpc_terminal.cpp:37 operator (): connect failed, error= ???????????,?????, this = 0x707d4610
[2023-04-07 13:50:24.242] [pxr_streamer] [error] rpc_terminal.cpp:37 operator (): connect failed, error= ???????????,?????, this = 0x6d756df0
[2023-04-07 13:50:26.458] [pxr_streamer] [error] rpc_terminal.cpp:37 operator (): connect failed, error= ???????????,?????, this = 0x707d4610
[2023-04-07 13:50:27.276] [pxr_streamer] [error] rpc_terminal.cpp:37 operator (): connect failed, error= ???????????,?????, this = 0x6d756df0
[2023-04-07 13:50:29.503] [pxr_streamer] [error] rpc_terminal.cpp:37 operator (): connect failed, error= ???????????,?????, this = 0x707d4610
[2023-04-07 13:50:30.308] [pxr_streamer] [error] rpc_terminal.cpp:37 operator (): connect failed, error= ???????????,?????, this = 0x6d756df0
[2023-04-07 13:50:32.537] [pxr_streamer] [error] rpc_terminal.cpp:37 operator (): connect failed, error= ???????????,?????, this = 0x707d4610
[2023-04-07 13:50:33.342] [pxr_streamer] [error] rpc_terminal.cpp:37 operator (): connect failed, error= ???????????,?????, this = 0x6d756df0
[2023-04-07 13:50:35.586] [pxr_streamer] [error] rpc_terminal.cpp:37 operator (): connect failed, error= ???????????,?????, this = 0x707d4610
[2023-04-07 13:50:36.392] [pxr_streamer] [error] rpc_terminal.cpp:37 operator (): connect failed, error= ???????????,?????, this = 0x6d756df0
[2023-04-07 13:50:38.619] [pxr_streamer] [error] rpc_terminal.cpp:37 operator (): connect failed, error= ???????????,?????, this = 0x707d4610
[2023-04-07 13:50:39.439] [pxr_streamer] [error] rpc_terminal.cpp:37 operator (): connect failed, error= ???????????,?????, this = 0x6d756df0
[2023-04-07 13:50:41.667] [pxr_streamer] [error] rpc_terminal.cpp:37 operator (): connect failed, error= ???????????,?????, this = 0x707d4610
[2023-04-07 13:50:42.472] [pxr_streamer] [error] rpc_terminal.cpp:37 operator (): connect failed, error= ???????????,?????, this = 0x6d756df0
[2023-04-07 13:50:44.704] [pxr_streamer] [error] rpc_terminal.cpp:37 operator (): connect failed, error= ???????????,?????, this = 0x707d4610
[2023-04-07 13:50:45.510] [pxr_streamer] [error] rpc_terminal.cpp:37 operator (): connect failed, error= ???????????,?????, this = 0x6d756df0
[2023-04-07 13:50:47.738] [pxr_streamer] [error] rpc_terminal.cpp:37 operator (): connect failed, error= ???????????,?????, this = 0x707d4610
[2023-04-07 13:50:48.558] [pxr_streamer] [error] rpc_terminal.cpp:37 operator (): connect failed, error= ???????????,?????, this = 0x6d756df0
[2023-04-07 13:50:50.775] [pxr_streamer] [error] rpc_terminal.cpp:37 operator (): connect failed, error= ???????????,?????, this = 0x707d4610
[2023-04-07 13:50:51.596] [pxr_streamer] [error] rpc_terminal.cpp:37 operator (): connect failed, error= ???????????,?????, this = 0x6d756df0
[2023-04-07 13:50:53.808] [pxr_streamer] [error] rpc_terminal.cpp:37 operator (): connect failed, error= ???????????,?????, this = 0x707d4610
[2023-04-07 13:50:54.627] [pxr_streamer] [error] rpc_terminal.cpp:37 operator (): connect failed, error= ???????????,?????, this = 0x6d756df0
[2023-04-07 13:50:56.841] [pxr_streamer] [error] rpc_terminal.cpp:37 operator (): connect failed, error= ???????????,?????, this = 0x707d4610
[2023-04-07 13:50:57.661] [pxr_streamer] [error] rpc_terminal.cpp:37 operator (): connect failed, error= ???????????,?????, this = 0x6d756df0
[2023-04-07 13:50:59.889] [pxr_streamer] [error] rpc_terminal.cpp:37 operator (): connect failed, error= ???????????,?????, this = 0x707d4610
[2023-04-07 13:51:00.708] [pxr_streamer] [error] rpc_terminal.cpp:37 operator (): connect failed, error= ???????????,?????, this = 0x6d756df0
[2023-04-07 13:51:02.921] [pxr_streamer] [error] rpc_terminal.cpp:37 operator (): connect failed, error= ???????????,?????, this = 0x707d4610
[2023-04-07 13:51:03.757] [pxr_streamer] [error] rpc_terminal.cpp:37 operator (): connect failed, error= ???????????,?????, this = 0x6d756df0
[2023-04-07 13:51:05.956] [pxr_streamer] [error] rpc_terminal.cpp:37 operator (): connect failed, error= ???????????,?????, this = 0x707d4610
[2023-04-07 13:51:06.791] [pxr_streamer] [error] rpc_terminal.cpp:37 operator (): connect failed, error= ???????????,?????, this = 0x6d756df0
[2023-04-07 13:51:08.993] [pxr_streamer] [error] rpc_terminal.cpp:37 operator (): connect failed, error= ???????????,?????, this = 0x707d4610
[2023-04-07 13:51:09.827] [pxr_streamer] [error] rpc_terminal.cpp:37 operator (): connect failed, error= ???????????,?????, this = 0x6d756df0
[2023-04-07 13:51:12.048] [pxr_streamer] [error] rpc_terminal.cpp:37 operator (): connect failed, error= ???????????,?????, this = 0x707d4610
[2023-04-07 13:51:12.869] [pxr_streamer] [error] rpc_terminal.cpp:37 operator (): connect failed, error= ???????????,?????, this = 0x6d756df0
[2023-04-07 13:51:15.085] [pxr_streamer] [error] rpc_terminal.cpp:37 operator (): connect failed, error= ???????????,?????, this = 0x707d4610
[2023-04-07 13:51:15.906] [pxr_streamer] [error] rpc_terminal.cpp:37 operator (): connect failed, error= ???????????,?????, this = 0x6d756df0
[2023-04-07 13:51:18.125] [pxr_streamer] [error] rpc_terminal.cpp:37 operator (): connect failed, error= ???????????,?????, this = 0x707d4610
[2023-04-07 13:51:18.945] [pxr_streamer] [error] rpc_terminal.cpp:37 operator (): connect failed, error= ???????????,?????, this = 0x6d756df0
[2023-04-07 13:51:21.172] [pxr_streamer] [error] rpc_terminal.cpp:37 operator (): connect failed, error= ???????????,?????, this = 0x707d4610
[2023-04-07 13:51:21.992] [pxr_streamer] [error] rpc_terminal.cpp:37 operator (): connect failed, error= ???????????,?????, this = 0x6d756df0
[2023-04-07 13:51:24.206] [pxr_streamer] [error] rpc_terminal.cpp:37 operator (): connect failed, error= ???????????,?????, this = 0x707d4610
[2023-04-07 13:51:25.027] [pxr_streamer] [error] rpc_terminal.cpp:37 operator (): connect failed, error= ???????????,?????, this = 0x6d756df0
[2023-04-07 13:51:27.251] [pxr_streamer] [error] rpc_terminal.cpp:37 operator (): connect failed, error= ???????????,?????, this = 0x707d4610
[2023-04-07 13:51:28.067] [pxr_streamer] [error] rpc_terminal.cpp:37 operator (): connect failed, error= ???????????,?????, this = 0x6d756df0
[2023-04-07 13:51:30.294] [pxr_streamer] [error] rpc_terminal.cpp:37 operator (): connect failed, error= ???????????,?????, this = 0x707d4610
[2023-04-07 13:51:31.114] [pxr_streamer] [error] rpc_terminal.cpp:37 operator (): connect failed, error= ???????????,?????, this = 0x6d756df0
[2023-04-07 13:51:33.327] [pxr_streamer] [error] rpc_terminal.cpp:37 operator (): connect failed, error= ???????????,?????, this = 0x707d4610
[2023-04-07 13:51:34.144] [pxr_streamer] [error] rpc_terminal.cpp:37 operator (): connect failed, error= ???????????,?????, this = 0x6d756df0
[2023-04-07 13:51:36.371] [pxr_streamer] [error] rpc_terminal.cpp:37 operator (): connect failed, error= ???????????,?????, this = 0x707d4610
[2023-04-07 13:51:37.173] [pxr_streamer] [error] rpc_terminal.cpp:37 operator (): connect failed, error= ???????????,?????, this = 0x6d756df0
[2023-04-07 13:51:39.403] [pxr_streamer] [error] rpc_terminal.cpp:37 operator (): connect failed, error= ???????????,?????, this = 0x707d4610
[2023-04-07 13:51:40.207] [pxr_streamer] [error] rpc_terminal.cpp:37 operator (): connect failed, error= ???????????,?????, this = 0x6d756df0
[2023-04-07 13:51:42.447] [pxr_streamer] [error] rpc_terminal.cpp:37 operator (): connect failed, error= ???????????,?????, this = 0x707d4610
[2023-04-07 13:51:43.251] [pxr_streamer] [error] rpc_terminal.cpp:37 operator (): connect failed, error= ???????????,?????, this = 0x6d756df0
[2023-04-07 13:51:45.491] [pxr_streamer] [error] rpc_terminal.cpp:37 operator (): connect failed, error= ???????????,?????, this = 0x707d4610
[2023-04-07 13:51:46.298] [pxr_streamer] [error] rpc_terminal.cpp:37 operator (): connect failed, error= ???????????,?????, this = 0x6d756df0
[2023-04-07 13:51:48.529] [pxr_streamer] [error] rpc_terminal.cpp:37 operator (): connect failed, error= ???????????,?????, this = 0x707d4610
[2023-04-07 13:51:49.333] [pxr_streamer] [error] rpc_terminal.cpp:37 operator (): connect failed, error= ???????????,?????, this = 0x6d756df0
[2023-04-07 13:51:51.580] [pxr_streamer] [error] rpc_terminal.cpp:37 operator (): connect failed, error= ???????????,?????, this = 0x707d4610
[2023-04-07 13:51:52.371] [pxr_streamer] [error] rpc_terminal.cpp:37 operator (): connect failed, error= ???????????,?????, this = 0x6d756df0
[2023-04-07 13:51:54.616] [pxr_streamer] [error] rpc_terminal.cpp:37 operator (): connect failed, error= ???????????,?????, this = 0x707d4610
[2023-04-07 13:51:55.421] [pxr_streamer] [error] rpc_terminal.cpp:37 operator (): connect failed, error= ???????????,?????, this = 0x6d756df0
[2023-04-07 13:51:57.663] [pxr_streamer] [error] rpc_terminal.cpp:37 operator (): connect failed, error= ???????????,?????, this = 0x707d4610
[2023-04-07 13:51:58.468] [pxr_streamer] [error] rpc_terminal.cpp:37 operator (): connect failed, error= ???????????,?????, this = 0x6d756df0
[2023-04-07 13:52:00.710] [pxr_streamer] [error] rpc_terminal.cpp:37 operator (): connect failed, error= ???????????,?????, this = 0x707d4610
[2023-04-07 13:52:01.513] [pxr_streamer] [error] rpc_terminal.cpp:37 operator (): connect failed, error= ???????????,?????, this = 0x6d756df0
[2023-04-07 13:52:03.758] [pxr_streamer] [error] rpc_terminal.cpp:37 operator (): connect failed, error= ???????????,?????, this = 0x707d4610
[2023-04-07 13:52:04.548] [pxr_streamer] [error] rpc_terminal.cpp:37 operator (): connect failed, error= ???????????,?????, this = 0x6d756df0
[2023-04-07 13:52:06.790] [pxr_streamer] [error] rpc_terminal.cpp:37 operator (): connect failed, error= ???????????,?????, this = 0x707d4610
[2023-04-07 13:52:07.596] [pxr_streamer] [error] rpc_terminal.cpp:37 operator (): connect failed, error= ???????????,?????, this = 0x6d756df0
[2023-04-07 13:52:09.821] [pxr_streamer] [error] rpc_terminal.cpp:37 operator (): connect failed, error= ???????????,?????, this = 0x707d4610
[2023-04-07 13:52:10.644] [pxr_streamer] [error] rpc_terminal.cpp:37 operator (): connect failed, error= ???????????,?????, this = 0x6d756df0
[2023-04-07 13:52:12.852] [pxr_streamer] [error] rpc_terminal.cpp:37 operator (): connect failed, error= ???????????,?????, this = 0x707d4610
[2023-04-07 13:52:13.689] [pxr_streamer] [error] rpc_terminal.cpp:37 operator (): connect failed, error= ???????????,?????, this = 0x6d756df0
[2023-04-07 13:52:15.896] [pxr_streamer] [error] rpc_terminal.cpp:37 operator (): connect failed, error= ???????????,?????, this = 0x707d4610
[2023-04-07 13:52:16.731] [pxr_streamer] [error] rpc_terminal.cpp:37 operator (): connect failed, error= ???????????,?????, this = 0x6d756df0
[2023-04-07 13:52:18.945] [pxr_streamer] [error] rpc_terminal.cpp:37 operator (): connect failed, error= ???????????,?????, this = 0x707d4610
[2023-04-07 13:52:19.780] [pxr_streamer] [error] rpc_terminal.cpp:37 operator (): connect failed, error= ???????????,?????, this = 0x6d756df0
[2023-04-07 13:52:21.993] [pxr_streamer] [error] rpc_terminal.cpp:37 operator (): connect failed, error= ???????????,?????, this = 0x707d4610
[2023-04-07 13:52:22.811] [pxr_streamer] [error] rpc_terminal.cpp:37 operator (): connect failed, error= ???????????,?????, this = 0x6d756df0
[2023-04-07 13:52:25.040] [pxr_streamer] [error] rpc_terminal.cpp:37 operator (): connect failed, error= ???????????,?????, this = 0x707d4610
[2023-04-07 13:52:25.863] [pxr_streamer] [error] rpc_terminal.cpp:37 operator (): connect failed, error= ???????????,?????, this = 0x6d756df0
[2023-04-07 13:52:28.081] [pxr_streamer] [error] rpc_terminal.cpp:37 operator (): connect failed, error= ???????????,?????, this = 0x707d4610
[2023-04-07 13:52:28.901] [pxr_streamer] [error] rpc_terminal.cpp:37 operator (): connect failed, error= ???????????,?????, this = 0x6d756df0
[2023-04-07 13:52:31.132] [pxr_streamer] [error] rpc_terminal.cpp:37 operator (): connect failed, error= ???????????,?????, this = 0x707d4610
[2023-04-07 13:52:31.952] [pxr_streamer] [error] rpc_terminal.cpp:37 operator (): connect failed, error= ???????????,?????, this = 0x6d756df0
[2023-04-07 13:52:34.166] [pxr_streamer] [error] rpc_terminal.cpp:37 operator (): connect failed, error= ???????????,?????, this = 0x707d4610
[2023-04-07 13:52:34.983] [pxr_streamer] [error] rpc_terminal.cpp:37 operator (): connect failed, error= ???????????,?????, this = 0x6d756df0
[2023-04-07 13:52:37.208] [pxr_streamer] [error] rpc_terminal.cpp:37 operator (): connect failed, error= ???????????,?????, this = 0x707d4610
[2023-04-07 13:52:38.028] [pxr_streamer] [error] rpc_terminal.cpp:37 operator (): connect failed, error= ???????????,?????, this = 0x6d756df0
[2023-04-07 13:52:40.260] [pxr_streamer] [error] rpc_terminal.cpp:37 operator (): connect failed, error= ???????????,?????, this = 0x707d4610
[2023-04-07 13:52:41.067] [pxr_streamer] [error] rpc_terminal.cpp:37 operator (): connect failed, error= ???????????,?????, this = 0x6d756df0
[2023-04-07 13:52:43.293] [pxr_streamer] [error] rpc_terminal.cpp:37 operator (): connect failed, error= ???????????,?????, this = 0x707d4610
[2023-04-07 13:52:44.104] [pxr_streamer] [error] rpc_terminal.cpp:37 operator (): connect failed, error= ???????????,?????, this = 0x6d756df0
[2023-04-07 13:52:46.330] [pxr_streamer] [error] rpc_terminal.cpp:37 operator (): connect failed, error= ???????????,?????, this = 0x707d4610
[2023-04-07 13:52:47.151] [pxr_streamer] [error] rpc_terminal.cpp:37 operator (): connect failed, error= ???????????,?????, this = 0x6d756df0
[2023-04-07 13:52:49.364] [pxr_streamer] [error] rpc_terminal.cpp:37 operator (): connect failed, error= ???????????,?????, this = 0x707d4610
[2023-04-07 13:52:50.202] [pxr_streamer] [error] rpc_terminal.cpp:37 operator (): connect failed, error= ???????????,?????, this = 0x6d756df0
[2023-04-07 13:52:52.411] [pxr_streamer] [error] rpc_terminal.cpp:37 operator (): connect failed, error= ???????????,?????, this = 0x707d4610
[2023-04-07 13:52:53.249] [pxr_streamer] [error] rpc_terminal.cpp:37 operator (): connect failed, error= ???????????,?????, this = 0x6d756df0
