[2023-05-15 19:53:28.767] [pxr_streamer] [info] ***********  Log Begin **********
[2023-05-15 19:53:28.767] [pxr_streamer] [info] process id= 27212
[2023-05-15 19:53:28.767] [pxr_streamer] [error] rpc_terminal.cpp:37 operator (): connect failed, error= ???????????,?????, this = 0x63618cf0
[2023-05-15 19:53:28.768] [pxr_streamer] [error] rpc_terminal.h:50 Call: invalid rpc_client_, msg = Hello, this = 0x63618cf0
[2023-05-15 19:53:28.768] [pxr_streamer] [error] rpc_terminal.h:50 Call: invalid rpc_client_, msg = QueryRemoteTerminals, this = 0x63618cf0
[2023-05-15 19:53:31.808] [pxr_streamer] [error] rpc_terminal.cpp:37 operator (): connect failed, error= ???????????,?????, this = 0x63618cf0
[2023-05-15 19:53:34.855] [pxr_streamer] [error] rpc_terminal.cpp:37 operator (): connect failed, error= ???????????,?????, this = 0x63618cf0
[2023-05-15 19:53:37.886] [pxr_streamer] [error] rpc_terminal.cpp:37 operator (): connect failed, error= ???????????,?????, this = 0x63618cf0
[2023-05-15 19:53:40.911] [pxr_streamer] [error] rpc_terminal.cpp:37 operator (): connect failed, error= ???????????,?????, this = 0x63618cf0
[2023-05-15 19:53:43.948] [pxr_streamer] [error] rpc_terminal.cpp:37 operator (): connect failed, error= ???????????,?????, this = 0x63618cf0
[2023-05-15 19:53:46.988] [pxr_streamer] [error] rpc_terminal.cpp:37 operator (): connect failed, error= ???????????,?????, this = 0x63618cf0
[2023-05-15 19:53:50.034] [pxr_streamer] [error] rpc_terminal.cpp:37 operator (): connect failed, error= ???????????,?????, this = 0x63618cf0
[2023-05-15 19:53:53.086] [pxr_streamer] [error] rpc_terminal.cpp:37 operator (): connect failed, error= ???????????,?????, this = 0x63618cf0
[2023-05-15 19:53:56.123] [pxr_streamer] [error] rpc_terminal.cpp:37 operator (): connect failed, error= ???????????,?????, this = 0x63618cf0
[2023-05-15 19:53:59.177] [pxr_streamer] [error] rpc_terminal.cpp:37 operator (): connect failed, error= ???????????,?????, this = 0x63618cf0
[2023-05-15 19:54:02.238] [pxr_streamer] [error] rpc_terminal.cpp:37 operator (): connect failed, error= ???????????,?????, this = 0x63618cf0
[2023-05-15 19:54:05.276] [pxr_streamer] [error] rpc_terminal.cpp:37 operator (): connect failed, error= ???????????,?????, this = 0x63618cf0
[2023-05-15 19:54:08.331] [pxr_streamer] [error] rpc_terminal.cpp:37 operator (): connect failed, error= ???????????,?????, this = 0x63618cf0
[2023-05-15 19:54:11.355] [pxr_streamer] [error] rpc_terminal.cpp:37 operator (): connect failed, error= ???????????,?????, this = 0x63618cf0
[2023-05-15 19:54:14.379] [pxr_streamer] [error] rpc_terminal.cpp:37 operator (): connect failed, error= ???????????,?????, this = 0x63618cf0
[2023-05-15 19:54:17.424] [pxr_streamer] [error] rpc_terminal.cpp:37 operator (): connect failed, error= ???????????,?????, this = 0x63618cf0
[2023-05-15 19:54:20.477] [pxr_streamer] [error] rpc_terminal.cpp:37 operator (): connect failed, error= ???????????,?????, this = 0x63618cf0
[2023-05-15 19:54:23.504] [pxr_streamer] [error] rpc_terminal.cpp:37 operator (): connect failed, error= ???????????,?????, this = 0x63618cf0
[2023-05-15 19:54:26.558] [pxr_streamer] [error] rpc_terminal.cpp:37 operator (): connect failed, error= ???????????,?????, this = 0x63618cf0
[2023-05-15 19:54:29.590] [pxr_streamer] [error] rpc_terminal.cpp:37 operator (): connect failed, error= ???????????,?????, this = 0x63618cf0
[2023-05-15 19:54:32.628] [pxr_streamer] [error] rpc_terminal.cpp:37 operator (): connect failed, error= ???????????,?????, this = 0x63618cf0
[2023-05-15 19:54:35.668] [pxr_streamer] [error] rpc_terminal.cpp:37 operator (): connect failed, error= ???????????,?????, this = 0x63618cf0
[2023-05-15 19:54:38.722] [pxr_streamer] [error] rpc_terminal.cpp:37 operator (): connect failed, error= ???????????,?????, this = 0x63618cf0
[2023-05-15 19:54:41.765] [pxr_streamer] [error] rpc_terminal.cpp:37 operator (): connect failed, error= ???????????,?????, this = 0x63618cf0
[2023-05-15 19:54:44.810] [pxr_streamer] [error] rpc_terminal.cpp:37 operator (): connect failed, error= ???????????,?????, this = 0x63618cf0
[2023-05-15 19:54:46.709] [pxr_streamer] [error] rpc_terminal.cpp:37 operator (): connect failed, error= ???????????,?????, this = 0x5a839210
[2023-05-15 19:54:46.709] [pxr_streamer] [error] rpc_terminal.h:50 Call: invalid rpc_client_, msg = Hello, this = 0x5a839210
[2023-05-15 19:54:46.709] [pxr_streamer] [error] rpc_terminal.h:50 Call: invalid rpc_client_, msg = QueryRemoteTerminals, this = 0x5a839210
[2023-05-15 19:54:47.864] [pxr_streamer] [error] rpc_terminal.cpp:37 operator (): connect failed, error= ???????????,?????, this = 0x63618cf0
[2023-05-15 19:54:49.748] [pxr_streamer] [error] rpc_terminal.cpp:37 operator (): connect failed, error= ???????????,?????, this = 0x5a839210
[2023-05-15 19:54:50.891] [pxr_streamer] [error] rpc_terminal.cpp:37 operator (): connect failed, error= ???????????,?????, this = 0x63618cf0
[2023-05-15 19:54:52.774] [pxr_streamer] [error] rpc_terminal.cpp:37 operator (): connect failed, error= ???????????,?????, this = 0x5a839210
[2023-05-15 19:54:53.935] [pxr_streamer] [error] rpc_terminal.cpp:37 operator (): connect failed, error= ???????????,?????, this = 0x63618cf0
[2023-05-15 19:54:55.808] [pxr_streamer] [error] rpc_terminal.cpp:37 operator (): connect failed, error= ???????????,?????, this = 0x5a839210
[2023-05-15 19:54:56.981] [pxr_streamer] [error] rpc_terminal.cpp:37 operator (): connect failed, error= ???????????,?????, this = 0x63618cf0
[2023-05-15 19:54:58.852] [pxr_streamer] [error] rpc_terminal.cpp:37 operator (): connect failed, error= ???????????,?????, this = 0x5a839210
[2023-05-15 19:55:00.015] [pxr_streamer] [error] rpc_terminal.cpp:37 operator (): connect failed, error= ???????????,?????, this = 0x63618cf0
[2023-05-15 19:55:01.881] [pxr_streamer] [error] rpc_terminal.cpp:37 operator (): connect failed, error= ???????????,?????, this = 0x5a839210
[2023-05-15 19:55:03.055] [pxr_streamer] [error] rpc_terminal.cpp:37 operator (): connect failed, error= ???????????,?????, this = 0x63618cf0
[2023-05-15 19:55:04.937] [pxr_streamer] [error] rpc_terminal.cpp:37 operator (): connect failed, error= ???????????,?????, this = 0x5a839210
[2023-05-15 19:55:06.120] [pxr_streamer] [error] rpc_terminal.cpp:37 operator (): connect failed, error= ???????????,?????, this = 0x63618cf0
[2023-05-15 19:55:07.984] [pxr_streamer] [error] rpc_terminal.cpp:37 operator (): connect failed, error= ???????????,?????, this = 0x5a839210
[2023-05-15 19:55:09.179] [pxr_streamer] [error] rpc_terminal.cpp:37 operator (): connect failed, error= ???????????,?????, this = 0x63618cf0
[2023-05-15 19:55:11.034] [pxr_streamer] [error] rpc_terminal.cpp:37 operator (): connect failed, error= ???????????,?????, this = 0x5a839210
[2023-05-15 19:55:12.249] [pxr_streamer] [error] rpc_terminal.cpp:37 operator (): connect failed, error= ???????????,?????, this = 0x63618cf0
[2023-05-15 19:55:14.072] [pxr_streamer] [error] rpc_terminal.cpp:37 operator (): connect failed, error= ???????????,?????, this = 0x5a839210
[2023-05-15 19:55:15.313] [pxr_streamer] [error] rpc_terminal.cpp:37 operator (): connect failed, error= ???????????,?????, this = 0x63618cf0
[2023-05-15 19:55:17.122] [pxr_streamer] [error] rpc_terminal.cpp:37 operator (): connect failed, error= ???????????,?????, this = 0x5a839210
[2023-05-15 19:55:18.366] [pxr_streamer] [error] rpc_terminal.cpp:37 operator (): connect failed, error= ???????????,?????, this = 0x63618cf0
[2023-05-15 19:55:20.167] [pxr_streamer] [error] rpc_terminal.cpp:37 operator (): connect failed, error= ???????????,?????, this = 0x5a839210
[2023-05-15 19:55:21.413] [pxr_streamer] [error] rpc_terminal.cpp:37 operator (): connect failed, error= ???????????,?????, this = 0x63618cf0
[2023-05-15 19:55:23.202] [pxr_streamer] [error] rpc_terminal.cpp:37 operator (): connect failed, error= ???????????,?????, this = 0x5a839210
[2023-05-15 19:55:24.463] [pxr_streamer] [error] rpc_terminal.cpp:37 operator (): connect failed, error= ???????????,?????, this = 0x63618cf0
[2023-05-15 19:55:26.265] [pxr_streamer] [error] rpc_terminal.cpp:37 operator (): connect failed, error= ???????????,?????, this = 0x5a839210
[2023-05-15 19:55:27.508] [pxr_streamer] [error] rpc_terminal.cpp:37 operator (): connect failed, error= ???????????,?????, this = 0x63618cf0
[2023-05-15 19:55:29.303] [pxr_streamer] [error] rpc_terminal.cpp:37 operator (): connect failed, error= ???????????,?????, this = 0x5a839210
[2023-05-15 19:55:30.550] [pxr_streamer] [error] rpc_terminal.cpp:37 operator (): connect failed, error= ???????????,?????, this = 0x63618cf0
[2023-05-15 19:55:32.358] [pxr_streamer] [error] rpc_terminal.cpp:37 operator (): connect failed, error= ???????????,?????, this = 0x5a839210
[2023-05-15 19:55:33.605] [pxr_streamer] [error] rpc_terminal.cpp:37 operator (): connect failed, error= ???????????,?????, this = 0x63618cf0
[2023-05-15 19:55:35.412] [pxr_streamer] [error] rpc_terminal.cpp:37 operator (): connect failed, error= ???????????,?????, this = 0x5a839210
[2023-05-15 19:55:36.638] [pxr_streamer] [error] rpc_terminal.cpp:37 operator (): connect failed, error= ???????????,?????, this = 0x63618cf0
[2023-05-15 19:55:38.443] [pxr_streamer] [error] rpc_terminal.cpp:37 operator (): connect failed, error= ???????????,?????, this = 0x5a839210
[2023-05-15 19:55:39.703] [pxr_streamer] [error] rpc_terminal.cpp:37 operator (): connect failed, error= ???????????,?????, this = 0x63618cf0
[2023-05-15 19:55:41.487] [pxr_streamer] [error] rpc_terminal.cpp:37 operator (): connect failed, error= ???????????,?????, this = 0x5a839210
[2023-05-15 19:55:42.765] [pxr_streamer] [error] rpc_terminal.cpp:37 operator (): connect failed, error= ???????????,?????, this = 0x63618cf0
[2023-05-15 19:55:44.528] [pxr_streamer] [error] rpc_terminal.cpp:37 operator (): connect failed, error= ???????????,?????, this = 0x5a839210
[2023-05-15 19:55:45.817] [pxr_streamer] [error] rpc_terminal.cpp:37 operator (): connect failed, error= ???????????,?????, this = 0x63618cf0
[2023-05-15 19:55:47.562] [pxr_streamer] [error] rpc_terminal.cpp:37 operator (): connect failed, error= ???????????,?????, this = 0x5a839210
[2023-05-15 19:55:48.870] [pxr_streamer] [error] rpc_terminal.cpp:37 operator (): connect failed, error= ???????????,?????, this = 0x63618cf0
[2023-05-15 19:55:50.602] [pxr_streamer] [error] rpc_terminal.cpp:37 operator (): connect failed, error= ???????????,?????, this = 0x5a839210
[2023-05-15 19:55:51.911] [pxr_streamer] [error] rpc_terminal.cpp:37 operator (): connect failed, error= ???????????,?????, this = 0x63618cf0
[2023-05-15 19:55:53.642] [pxr_streamer] [error] rpc_terminal.cpp:37 operator (): connect failed, error= ???????????,?????, this = 0x5a839210
[2023-05-15 19:55:54.949] [pxr_streamer] [error] rpc_terminal.cpp:37 operator (): connect failed, error= ???????????,?????, this = 0x63618cf0
[2023-05-15 19:55:56.694] [pxr_streamer] [error] rpc_terminal.cpp:37 operator (): connect failed, error= ???????????,?????, this = 0x5a839210
[2023-05-15 19:55:57.995] [pxr_streamer] [error] rpc_terminal.cpp:37 operator (): connect failed, error= ???????????,?????, this = 0x63618cf0
[2023-05-15 19:55:59.754] [pxr_streamer] [error] rpc_terminal.cpp:37 operator (): connect failed, error= ???????????,?????, this = 0x5a839210
[2023-05-15 19:56:01.062] [pxr_streamer] [error] rpc_terminal.cpp:37 operator (): connect failed, error= ???????????,?????, this = 0x63618cf0
[2023-05-15 19:56:02.804] [pxr_streamer] [error] rpc_terminal.cpp:37 operator (): connect failed, error= ???????????,?????, this = 0x5a839210
[2023-05-15 19:56:04.114] [pxr_streamer] [error] rpc_terminal.cpp:37 operator (): connect failed, error= ???????????,?????, this = 0x63618cf0
[2023-05-15 19:56:05.843] [pxr_streamer] [error] rpc_terminal.cpp:37 operator (): connect failed, error= ???????????,?????, this = 0x5a839210
[2023-05-15 19:56:07.146] [pxr_streamer] [error] rpc_terminal.cpp:37 operator (): connect failed, error= ???????????,?????, this = 0x63618cf0
[2023-05-15 19:56:08.887] [pxr_streamer] [error] rpc_terminal.cpp:37 operator (): connect failed, error= ???????????,?????, this = 0x5a839210
[2023-05-15 19:56:10.180] [pxr_streamer] [error] rpc_terminal.cpp:37 operator (): connect failed, error= ???????????,?????, this = 0x63618cf0
[2023-05-15 19:56:11.957] [pxr_streamer] [error] rpc_terminal.cpp:37 operator (): connect failed, error= ???????????,?????, this = 0x5a839210
[2023-05-15 19:56:13.221] [pxr_streamer] [error] rpc_terminal.cpp:37 operator (): connect failed, error= ???????????,?????, this = 0x63618cf0
[2023-05-15 19:56:14.996] [pxr_streamer] [error] rpc_terminal.cpp:37 operator (): connect failed, error= ???????????,?????, this = 0x5a839210
[2023-05-15 19:56:16.272] [pxr_streamer] [error] rpc_terminal.cpp:37 operator (): connect failed, error= ???????????,?????, this = 0x63618cf0
[2023-05-15 19:56:18.035] [pxr_streamer] [error] rpc_terminal.cpp:37 operator (): connect failed, error= ???????????,?????, this = 0x5a839210
[2023-05-15 19:56:19.327] [pxr_streamer] [error] rpc_terminal.cpp:37 operator (): connect failed, error= ???????????,?????, this = 0x63618cf0
[2023-05-15 19:56:21.086] [pxr_streamer] [error] rpc_terminal.cpp:37 operator (): connect failed, error= ???????????,?????, this = 0x5a839210
[2023-05-15 19:56:22.368] [pxr_streamer] [error] rpc_terminal.cpp:37 operator (): connect failed, error= ???????????,?????, this = 0x63618cf0
[2023-05-15 19:56:24.129] [pxr_streamer] [error] rpc_terminal.cpp:37 operator (): connect failed, error= ???????????,?????, this = 0x5a839210
[2023-05-15 19:56:25.426] [pxr_streamer] [error] rpc_terminal.cpp:37 operator (): connect failed, error= ???????????,?????, this = 0x63618cf0
[2023-05-15 19:56:27.171] [pxr_streamer] [error] rpc_terminal.cpp:37 operator (): connect failed, error= ???????????,?????, this = 0x5a839210
[2023-05-15 19:56:28.491] [pxr_streamer] [error] rpc_terminal.cpp:37 operator (): connect failed, error= ???????????,?????, this = 0x63618cf0
[2023-05-15 19:56:30.219] [pxr_streamer] [error] rpc_terminal.cpp:37 operator (): connect failed, error= ???????????,?????, this = 0x5a839210
[2023-05-15 19:56:31.530] [pxr_streamer] [error] rpc_terminal.cpp:37 operator (): connect failed, error= ???????????,?????, this = 0x63618cf0
[2023-05-15 19:56:33.271] [pxr_streamer] [error] rpc_terminal.cpp:37 operator (): connect failed, error= ???????????,?????, this = 0x5a839210
[2023-05-15 19:56:34.580] [pxr_streamer] [error] rpc_terminal.cpp:37 operator (): connect failed, error= ???????????,?????, this = 0x63618cf0
[2023-05-15 19:56:35.186] [pxr_streamer] [error] rpc_terminal.cpp:37 operator (): connect failed, error= ???????????,?????, this = 0x5a838e10
[2023-05-15 19:56:35.186] [pxr_streamer] [error] rpc_terminal.h:50 Call: invalid rpc_client_, msg = Hello, this = 0x5a838e10
[2023-05-15 19:56:35.186] [pxr_streamer] [error] rpc_terminal.h:50 Call: invalid rpc_client_, msg = QueryRemoteTerminals, this = 0x5a838e10
[2023-05-15 19:56:36.323] [pxr_streamer] [error] rpc_terminal.cpp:37 operator (): connect failed, error= ???????????,?????, this = 0x5a839210
[2023-05-15 19:56:37.614] [pxr_streamer] [error] rpc_terminal.cpp:37 operator (): connect failed, error= ???????????,?????, this = 0x63618cf0
[2023-05-15 19:56:38.234] [pxr_streamer] [error] rpc_terminal.cpp:37 operator (): connect failed, error= ???????????,?????, this = 0x5a838e10
[2023-05-15 19:56:39.358] [pxr_streamer] [error] rpc_terminal.cpp:37 operator (): connect failed, error= ???????????,?????, this = 0x5a839210
[2023-05-15 19:56:40.626] [pxr_streamer] [error] rpc_terminal.cpp:37 operator (): connect failed, error= ???????????,?????, this = 0x63618cf0
[2023-05-15 19:56:41.262] [pxr_streamer] [error] rpc_terminal.cpp:37 operator (): connect failed, error= ???????????,?????, this = 0x5a838e10
[2023-05-15 19:56:42.398] [pxr_streamer] [error] rpc_terminal.cpp:37 operator (): connect failed, error= ???????????,?????, this = 0x5a839210
[2023-05-15 19:56:43.661] [pxr_streamer] [error] rpc_terminal.cpp:37 operator (): connect failed, error= ???????????,?????, this = 0x63618cf0
[2023-05-15 19:56:44.299] [pxr_streamer] [error] rpc_terminal.cpp:37 operator (): connect failed, error= ???????????,?????, this = 0x5a838e10
[2023-05-15 19:56:45.450] [pxr_streamer] [error] rpc_terminal.cpp:37 operator (): connect failed, error= ???????????,?????, this = 0x5a839210
[2023-05-15 19:56:46.710] [pxr_streamer] [error] rpc_terminal.cpp:37 operator (): connect failed, error= ???????????,?????, this = 0x63618cf0
[2023-05-15 19:56:47.349] [pxr_streamer] [error] rpc_terminal.cpp:37 operator (): connect failed, error= ???????????,?????, this = 0x5a838e10
[2023-05-15 19:56:48.508] [pxr_streamer] [error] rpc_terminal.cpp:37 operator (): connect failed, error= ???????????,?????, this = 0x5a839210
[2023-05-15 19:56:49.767] [pxr_streamer] [error] rpc_terminal.cpp:37 operator (): connect failed, error= ???????????,?????, this = 0x63618cf0
[2023-05-15 19:56:50.402] [pxr_streamer] [error] rpc_terminal.cpp:37 operator (): connect failed, error= ???????????,?????, this = 0x5a838e10
[2023-05-15 19:56:51.566] [pxr_streamer] [error] rpc_terminal.cpp:37 operator (): connect failed, error= ???????????,?????, this = 0x5a839210
[2023-05-15 19:56:52.821] [pxr_streamer] [error] rpc_terminal.cpp:37 operator (): connect failed, error= ???????????,?????, this = 0x63618cf0
[2023-05-15 19:56:53.455] [pxr_streamer] [error] rpc_terminal.cpp:37 operator (): connect failed, error= ???????????,?????, this = 0x5a838e10
[2023-05-15 19:56:54.626] [pxr_streamer] [error] rpc_terminal.cpp:37 operator (): connect failed, error= ???????????,?????, this = 0x5a839210
[2023-05-15 19:56:55.857] [pxr_streamer] [error] rpc_terminal.cpp:37 operator (): connect failed, error= ???????????,?????, this = 0x63618cf0
[2023-05-15 19:56:56.514] [pxr_streamer] [error] rpc_terminal.cpp:37 operator (): connect failed, error= ???????????,?????, this = 0x5a838e10
[2023-05-15 19:56:57.692] [pxr_streamer] [error] rpc_terminal.cpp:37 operator (): connect failed, error= ???????????,?????, this = 0x5a839210
[2023-05-15 19:56:58.923] [pxr_streamer] [error] rpc_terminal.cpp:37 operator (): connect failed, error= ???????????,?????, this = 0x63618cf0
[2023-05-15 19:56:59.574] [pxr_streamer] [error] rpc_terminal.cpp:37 operator (): connect failed, error= ???????????,?????, this = 0x5a838e10
[2023-05-15 19:57:00.744] [pxr_streamer] [error] rpc_terminal.cpp:37 operator (): connect failed, error= ???????????,?????, this = 0x5a839210
[2023-05-15 19:57:01.971] [pxr_streamer] [error] rpc_terminal.cpp:37 operator (): connect failed, error= ???????????,?????, this = 0x63618cf0
[2023-05-15 19:57:02.642] [pxr_streamer] [error] rpc_terminal.cpp:37 operator (): connect failed, error= ???????????,?????, this = 0x5a838e10
[2023-05-15 19:57:03.812] [pxr_streamer] [error] rpc_terminal.cpp:37 operator (): connect failed, error= ???????????,?????, this = 0x5a839210
[2023-05-15 19:57:05.036] [pxr_streamer] [error] rpc_terminal.cpp:37 operator (): connect failed, error= ???????????,?????, this = 0x63618cf0
[2023-05-15 19:57:05.703] [pxr_streamer] [error] rpc_terminal.cpp:37 operator (): connect failed, error= ???????????,?????, this = 0x5a838e10
[2023-05-15 19:57:06.865] [pxr_streamer] [error] rpc_terminal.cpp:37 operator (): connect failed, error= ???????????,?????, this = 0x5a839210
[2023-05-15 19:57:08.082] [pxr_streamer] [error] rpc_terminal.cpp:37 operator (): connect failed, error= ???????????,?????, this = 0x63618cf0
[2023-05-15 19:57:08.751] [pxr_streamer] [error] rpc_terminal.cpp:37 operator (): connect failed, error= ???????????,?????, this = 0x5a838e10
[2023-05-15 19:57:09.920] [pxr_streamer] [error] rpc_terminal.cpp:37 operator (): connect failed, error= ???????????,?????, this = 0x5a839210
[2023-05-15 19:57:11.137] [pxr_streamer] [error] rpc_terminal.cpp:37 operator (): connect failed, error= ???????????,?????, this = 0x63618cf0
[2023-05-15 19:57:11.803] [pxr_streamer] [error] rpc_terminal.cpp:37 operator (): connect failed, error= ???????????,?????, this = 0x5a838e10
[2023-05-15 19:57:12.968] [pxr_streamer] [error] rpc_terminal.cpp:37 operator (): connect failed, error= ???????????,?????, this = 0x5a839210
[2023-05-15 19:57:14.188] [pxr_streamer] [error] rpc_terminal.cpp:37 operator (): connect failed, error= ???????????,?????, this = 0x63618cf0
[2023-05-15 19:57:14.856] [pxr_streamer] [error] rpc_terminal.cpp:37 operator (): connect failed, error= ???????????,?????, this = 0x5a838e10
[2023-05-15 19:57:16.017] [pxr_streamer] [error] rpc_terminal.cpp:37 operator (): connect failed, error= ???????????,?????, this = 0x5a839210
[2023-05-15 19:57:17.239] [pxr_streamer] [error] rpc_terminal.cpp:37 operator (): connect failed, error= ???????????,?????, this = 0x63618cf0
[2023-05-15 19:57:17.892] [pxr_streamer] [error] rpc_terminal.cpp:37 operator (): connect failed, error= ???????????,?????, this = 0x5a838e10
[2023-05-15 19:57:19.057] [pxr_streamer] [error] rpc_terminal.cpp:37 operator (): connect failed, error= ???????????,?????, this = 0x5a839210
[2023-05-15 19:57:20.301] [pxr_streamer] [error] rpc_terminal.cpp:37 operator (): connect failed, error= ???????????,?????, this = 0x63618cf0
[2023-05-15 19:57:20.940] [pxr_streamer] [error] rpc_terminal.cpp:37 operator (): connect failed, error= ???????????,?????, this = 0x5a838e10
[2023-05-15 19:57:22.089] [pxr_streamer] [error] rpc_terminal.cpp:37 operator (): connect failed, error= ???????????,?????, this = 0x5a839210
[2023-05-15 19:57:23.350] [pxr_streamer] [error] rpc_terminal.cpp:37 operator (): connect failed, error= ???????????,?????, this = 0x63618cf0
[2023-05-15 19:57:23.986] [pxr_streamer] [error] rpc_terminal.cpp:37 operator (): connect failed, error= ???????????,?????, this = 0x5a838e10
[2023-05-15 19:57:25.151] [pxr_streamer] [error] rpc_terminal.cpp:37 operator (): connect failed, error= ???????????,?????, this = 0x5a839210
[2023-05-15 19:57:26.397] [pxr_streamer] [error] rpc_terminal.cpp:37 operator (): connect failed, error= ???????????,?????, this = 0x63618cf0
[2023-05-15 19:57:27.049] [pxr_streamer] [error] rpc_terminal.cpp:37 operator (): connect failed, error= ???????????,?????, this = 0x5a838e10
[2023-05-15 19:57:28.216] [pxr_streamer] [error] rpc_terminal.cpp:37 operator (): connect failed, error= ???????????,?????, this = 0x5a839210
[2023-05-15 19:57:29.449] [pxr_streamer] [error] rpc_terminal.cpp:37 operator (): connect failed, error= ???????????,?????, this = 0x63618cf0
[2023-05-15 19:57:30.104] [pxr_streamer] [error] rpc_terminal.cpp:37 operator (): connect failed, error= ???????????,?????, this = 0x5a838e10
[2023-05-15 19:57:31.271] [pxr_streamer] [error] rpc_terminal.cpp:37 operator (): connect failed, error= ???????????,?????, this = 0x5a839210
[2023-05-15 19:57:32.507] [pxr_streamer] [error] rpc_terminal.cpp:37 operator (): connect failed, error= ???????????,?????, this = 0x63618cf0
[2023-05-15 19:57:33.159] [pxr_streamer] [error] rpc_terminal.cpp:37 operator (): connect failed, error= ???????????,?????, this = 0x5a838e10
[2023-05-15 19:57:34.301] [pxr_streamer] [error] rpc_terminal.cpp:37 operator (): connect failed, error= ???????????,?????, this = 0x5a839210
[2023-05-15 19:57:35.535] [pxr_streamer] [error] rpc_terminal.cpp:37 operator (): connect failed, error= ???????????,?????, this = 0x63618cf0
[2023-05-15 19:57:36.191] [pxr_streamer] [error] rpc_terminal.cpp:37 operator (): connect failed, error= ???????????,?????, this = 0x5a838e10
[2023-05-15 19:57:37.372] [pxr_streamer] [error] rpc_terminal.cpp:37 operator (): connect failed, error= ???????????,?????, this = 0x5a839210
[2023-05-15 19:57:38.587] [pxr_streamer] [error] rpc_terminal.cpp:37 operator (): connect failed, error= ???????????,?????, this = 0x63618cf0
[2023-05-15 19:57:39.241] [pxr_streamer] [error] rpc_terminal.cpp:37 operator (): connect failed, error= ???????????,?????, this = 0x5a838e10
[2023-05-15 19:57:40.411] [pxr_streamer] [error] rpc_terminal.cpp:37 operator (): connect failed, error= ???????????,?????, this = 0x5a839210
