[2023-03-25 13:40:20.771] [pxr_streamer] [info] ***********  Log Begin **********
[2023-03-25 13:40:20.771] [pxr_streamer] [info] process id= 17916
[2023-03-25 13:40:20.771] [pxr_streamer] [error] rpc_terminal.cpp:37 operator (): connect failed, error= ???????????,?????, this = 0xd6370a10
[2023-03-25 13:40:20.772] [pxr_streamer] [error] rpc_terminal.h:50 Call: invalid rpc_client_, msg = Hello, this = 0xd6370a10
[2023-03-25 13:40:20.772] [pxr_streamer] [error] rpc_terminal.h:50 Call: invalid rpc_client_, msg = QueryRemoteTerminals, this = 0xd6370a10
[2023-03-25 13:40:23.804] [pxr_streamer] [error] rpc_terminal.cpp:37 operator (): connect failed, error= ???????????,?????, this = 0xd6370a10
[2023-03-25 13:40:26.869] [pxr_streamer] [error] rpc_terminal.cpp:37 operator (): connect failed, error= ???????????,?????, this = 0xd6370a10
[2023-03-25 13:40:29.923] [pxr_streamer] [error] rpc_terminal.cpp:37 operator (): connect failed, error= ???????????,?????, this = 0xd6370a10
[2023-03-25 13:40:32.957] [pxr_streamer] [error] rpc_terminal.cpp:37 operator (): connect failed, error= ???????????,?????, this = 0xd6370a10
[2023-03-25 13:40:35.287] [pxr_streamer] [error] rpc_terminal.cpp:37 operator (): connect failed, error= ???????????,?????, this = 0xd4091530
[2023-03-25 13:40:35.288] [pxr_streamer] [error] rpc_terminal.h:50 Call: invalid rpc_client_, msg = Hello, this = 0xd4091530
[2023-03-25 13:40:35.288] [pxr_streamer] [error] rpc_terminal.h:50 Call: invalid rpc_client_, msg = QueryRemoteTerminals, this = 0xd4091530
[2023-03-25 13:40:36.014] [pxr_streamer] [error] rpc_terminal.cpp:37 operator (): connect failed, error= ???????????,?????, this = 0xd6370a10
[2023-03-25 13:40:38.321] [pxr_streamer] [error] rpc_terminal.cpp:37 operator (): connect failed, error= ???????????,?????, this = 0xd4091530
[2023-03-25 13:40:39.055] [pxr_streamer] [error] rpc_terminal.cpp:37 operator (): connect failed, error= ???????????,?????, this = 0xd6370a10
[2023-03-25 13:40:41.392] [pxr_streamer] [error] rpc_terminal.cpp:37 operator (): connect failed, error= ???????????,?????, this = 0xd4091530
[2023-03-25 13:40:42.123] [pxr_streamer] [error] rpc_terminal.cpp:37 operator (): connect failed, error= ???????????,?????, this = 0xd6370a10
[2023-03-25 13:40:44.439] [pxr_streamer] [error] rpc_terminal.cpp:37 operator (): connect failed, error= ???????????,?????, this = 0xd4091530
[2023-03-25 13:40:45.186] [pxr_streamer] [error] rpc_terminal.cpp:37 operator (): connect failed, error= ???????????,?????, this = 0xd6370a10
[2023-03-25 13:40:47.477] [pxr_streamer] [error] rpc_terminal.cpp:37 operator (): connect failed, error= ???????????,?????, this = 0xd4091530
[2023-03-25 13:40:48.255] [pxr_streamer] [error] rpc_terminal.cpp:37 operator (): connect failed, error= ???????????,?????, this = 0xd6370a10
[2023-03-25 13:40:50.522] [pxr_streamer] [error] rpc_terminal.cpp:37 operator (): connect failed, error= ???????????,?????, this = 0xd4091530
[2023-03-25 13:40:51.312] [pxr_streamer] [error] rpc_terminal.cpp:37 operator (): connect failed, error= ???????????,?????, this = 0xd6370a10
[2023-03-25 13:40:53.602] [pxr_streamer] [error] rpc_terminal.cpp:37 operator (): connect failed, error= ???????????,?????, this = 0xd4091530
[2023-03-25 13:40:54.366] [pxr_streamer] [error] rpc_terminal.cpp:37 operator (): connect failed, error= ???????????,?????, this = 0xd6370a10
[2023-03-25 13:40:56.666] [pxr_streamer] [error] rpc_terminal.cpp:37 operator (): connect failed, error= ???????????,?????, this = 0xd4091530
[2023-03-25 13:40:57.426] [pxr_streamer] [error] rpc_terminal.cpp:37 operator (): connect failed, error= ???????????,?????, this = 0xd6370a10
[2023-03-25 13:40:59.725] [pxr_streamer] [error] rpc_terminal.cpp:37 operator (): connect failed, error= ???????????,?????, this = 0xd4091530
[2023-03-25 13:41:00.476] [pxr_streamer] [error] rpc_terminal.cpp:37 operator (): connect failed, error= ???????????,?????, this = 0xd6370a10
[2023-03-25 13:41:02.790] [pxr_streamer] [error] rpc_terminal.cpp:37 operator (): connect failed, error= ???????????,?????, this = 0xd4091530
[2023-03-25 13:41:03.538] [pxr_streamer] [error] rpc_terminal.cpp:37 operator (): connect failed, error= ???????????,?????, this = 0xd6370a10
[2023-03-25 13:41:05.838] [pxr_streamer] [error] rpc_terminal.cpp:37 operator (): connect failed, error= ???????????,?????, this = 0xd4091530
[2023-03-25 13:41:06.587] [pxr_streamer] [error] rpc_terminal.cpp:37 operator (): connect failed, error= ???????????,?????, this = 0xd6370a10
[2023-03-25 13:41:08.908] [pxr_streamer] [error] rpc_terminal.cpp:37 operator (): connect failed, error= ???????????,?????, this = 0xd4091530
[2023-03-25 13:41:09.621] [pxr_streamer] [error] rpc_terminal.cpp:37 operator (): connect failed, error= ???????????,?????, this = 0xd6370a10
[2023-03-25 13:41:11.968] [pxr_streamer] [error] rpc_terminal.cpp:37 operator (): connect failed, error= ???????????,?????, this = 0xd4091530
[2023-03-25 13:41:12.681] [pxr_streamer] [error] rpc_terminal.cpp:37 operator (): connect failed, error= ???????????,?????, this = 0xd6370a10
[2023-03-25 13:41:15.014] [pxr_streamer] [error] rpc_terminal.cpp:37 operator (): connect failed, error= ???????????,?????, this = 0xd4091530
[2023-03-25 13:41:15.728] [pxr_streamer] [error] rpc_terminal.cpp:37 operator (): connect failed, error= ???????????,?????, this = 0xd6370a10
[2023-03-25 13:41:18.061] [pxr_streamer] [error] rpc_terminal.cpp:37 operator (): connect failed, error= ???????????,?????, this = 0xd4091530
[2023-03-25 13:41:18.776] [pxr_streamer] [error] rpc_terminal.cpp:37 operator (): connect failed, error= ???????????,?????, this = 0xd6370a10
[2023-03-25 13:41:21.110] [pxr_streamer] [error] rpc_terminal.cpp:37 operator (): connect failed, error= ???????????,?????, this = 0xd4091530
[2023-03-25 13:41:21.825] [pxr_streamer] [error] rpc_terminal.cpp:37 operator (): connect failed, error= ???????????,?????, this = 0xd6370a10
[2023-03-25 13:41:24.141] [pxr_streamer] [error] rpc_terminal.cpp:37 operator (): connect failed, error= ???????????,?????, this = 0xd4091530
[2023-03-25 13:41:24.874] [pxr_streamer] [error] rpc_terminal.cpp:37 operator (): connect failed, error= ???????????,?????, this = 0xd6370a10
[2023-03-25 13:41:27.191] [pxr_streamer] [error] rpc_terminal.cpp:37 operator (): connect failed, error= ???????????,?????, this = 0xd4091530
[2023-03-25 13:41:27.918] [pxr_streamer] [error] rpc_terminal.cpp:37 operator (): connect failed, error= ???????????,?????, this = 0xd6370a10
[2023-03-25 13:41:30.245] [pxr_streamer] [error] rpc_terminal.cpp:37 operator (): connect failed, error= ???????????,?????, this = 0xd4091530
[2023-03-25 13:41:30.977] [pxr_streamer] [error] rpc_terminal.cpp:37 operator (): connect failed, error= ???????????,?????, this = 0xd6370a10
[2023-03-25 13:41:33.294] [pxr_streamer] [error] rpc_terminal.cpp:37 operator (): connect failed, error= ???????????,?????, this = 0xd4091530
[2023-03-25 13:41:34.025] [pxr_streamer] [error] rpc_terminal.cpp:37 operator (): connect failed, error= ???????????,?????, this = 0xd6370a10
[2023-03-25 13:41:36.328] [pxr_streamer] [error] rpc_terminal.cpp:37 operator (): connect failed, error= ???????????,?????, this = 0xd4091530
[2023-03-25 13:41:37.072] [pxr_streamer] [error] rpc_terminal.cpp:37 operator (): connect failed, error= ???????????,?????, this = 0xd6370a10
[2023-03-25 13:41:39.370] [pxr_streamer] [error] rpc_terminal.cpp:37 operator (): connect failed, error= ???????????,?????, this = 0xd4091530
[2023-03-25 13:41:40.117] [pxr_streamer] [error] rpc_terminal.cpp:37 operator (): connect failed, error= ???????????,?????, this = 0xd6370a10
[2023-03-25 13:41:42.421] [pxr_streamer] [error] rpc_terminal.cpp:37 operator (): connect failed, error= ???????????,?????, this = 0xd4091530
[2023-03-25 13:41:43.168] [pxr_streamer] [error] rpc_terminal.cpp:37 operator (): connect failed, error= ???????????,?????, this = 0xd6370a10
[2023-03-25 13:41:45.463] [pxr_streamer] [error] rpc_terminal.cpp:37 operator (): connect failed, error= ???????????,?????, this = 0xd4091530
[2023-03-25 13:41:46.211] [pxr_streamer] [error] rpc_terminal.cpp:37 operator (): connect failed, error= ???????????,?????, this = 0xd6370a10
[2023-03-25 13:41:48.532] [pxr_streamer] [error] rpc_terminal.cpp:37 operator (): connect failed, error= ???????????,?????, this = 0xd4091530
[2023-03-25 13:41:49.277] [pxr_streamer] [error] rpc_terminal.cpp:37 operator (): connect failed, error= ???????????,?????, this = 0xd6370a10
[2023-03-25 13:41:51.566] [pxr_streamer] [error] rpc_terminal.cpp:37 operator (): connect failed, error= ???????????,?????, this = 0xd4091530
[2023-03-25 13:41:52.313] [pxr_streamer] [error] rpc_terminal.cpp:37 operator (): connect failed, error= ???????????,?????, this = 0xd6370a10
[2023-03-25 13:41:54.617] [pxr_streamer] [error] rpc_terminal.cpp:37 operator (): connect failed, error= ???????????,?????, this = 0xd4091530
[2023-03-25 13:41:55.378] [pxr_streamer] [error] rpc_terminal.cpp:37 operator (): connect failed, error= ???????????,?????, this = 0xd6370a10
[2023-03-25 13:41:57.660] [pxr_streamer] [error] rpc_terminal.cpp:37 operator (): connect failed, error= ???????????,?????, this = 0xd4091530
[2023-03-25 13:41:58.420] [pxr_streamer] [error] rpc_terminal.cpp:37 operator (): connect failed, error= ???????????,?????, this = 0xd6370a10
[2023-03-25 13:42:00.709] [pxr_streamer] [error] rpc_terminal.cpp:37 operator (): connect failed, error= ???????????,?????, this = 0xd4091530
[2023-03-25 13:42:01.470] [pxr_streamer] [error] rpc_terminal.cpp:37 operator (): connect failed, error= ???????????,?????, this = 0xd6370a10
[2023-03-25 13:42:03.761] [pxr_streamer] [error] rpc_terminal.cpp:37 operator (): connect failed, error= ???????????,?????, this = 0xd4091530
[2023-03-25 13:42:04.507] [pxr_streamer] [error] rpc_terminal.cpp:37 operator (): connect failed, error= ???????????,?????, this = 0xd6370a10
[2023-03-25 13:42:06.808] [pxr_streamer] [error] rpc_terminal.cpp:37 operator (): connect failed, error= ???????????,?????, this = 0xd4091530
[2023-03-25 13:42:07.539] [pxr_streamer] [error] rpc_terminal.cpp:37 operator (): connect failed, error= ???????????,?????, this = 0xd6370a10
[2023-03-25 13:42:09.867] [pxr_streamer] [error] rpc_terminal.cpp:37 operator (): connect failed, error= ???????????,?????, this = 0xd4091530
[2023-03-25 13:42:10.569] [pxr_streamer] [error] rpc_terminal.cpp:37 operator (): connect failed, error= ???????????,?????, this = 0xd6370a10
[2023-03-25 13:42:12.904] [pxr_streamer] [error] rpc_terminal.cpp:37 operator (): connect failed, error= ???????????,?????, this = 0xd4091530
[2023-03-25 13:42:13.621] [pxr_streamer] [error] rpc_terminal.cpp:37 operator (): connect failed, error= ???????????,?????, this = 0xd6370a10
[2023-03-25 13:42:15.950] [pxr_streamer] [error] rpc_terminal.cpp:37 operator (): connect failed, error= ???????????,?????, this = 0xd4091530
[2023-03-25 13:42:16.667] [pxr_streamer] [error] rpc_terminal.cpp:37 operator (): connect failed, error= ???????????,?????, this = 0xd6370a10
[2023-03-25 13:42:18.998] [pxr_streamer] [error] rpc_terminal.cpp:37 operator (): connect failed, error= ???????????,?????, this = 0xd4091530
[2023-03-25 13:42:19.724] [pxr_streamer] [error] rpc_terminal.cpp:37 operator (): connect failed, error= ???????????,?????, this = 0xd6370a10
[2023-03-25 13:42:22.043] [pxr_streamer] [error] rpc_terminal.cpp:37 operator (): connect failed, error= ???????????,?????, this = 0xd4091530
[2023-03-25 13:42:22.771] [pxr_streamer] [error] rpc_terminal.cpp:37 operator (): connect failed, error= ???????????,?????, this = 0xd6370a10
[2023-03-25 13:42:25.099] [pxr_streamer] [error] rpc_terminal.cpp:37 operator (): connect failed, error= ???????????,?????, this = 0xd4091530
[2023-03-25 13:42:25.801] [pxr_streamer] [error] rpc_terminal.cpp:37 operator (): connect failed, error= ???????????,?????, this = 0xd6370a10
[2023-03-25 13:42:28.137] [pxr_streamer] [error] rpc_terminal.cpp:37 operator (): connect failed, error= ???????????,?????, this = 0xd4091530
[2023-03-25 13:42:28.836] [pxr_streamer] [error] rpc_terminal.cpp:37 operator (): connect failed, error= ???????????,?????, this = 0xd6370a10
[2023-03-25 13:42:31.181] [pxr_streamer] [error] rpc_terminal.cpp:37 operator (): connect failed, error= ???????????,?????, this = 0xd4091530
[2023-03-25 13:42:31.876] [pxr_streamer] [error] rpc_terminal.cpp:37 operator (): connect failed, error= ???????????,?????, this = 0xd6370a10
[2023-03-25 13:42:34.235] [pxr_streamer] [error] rpc_terminal.cpp:37 operator (): connect failed, error= ???????????,?????, this = 0xd4091530
[2023-03-25 13:42:34.920] [pxr_streamer] [error] rpc_terminal.cpp:37 operator (): connect failed, error= ???????????,?????, this = 0xd6370a10
[2023-03-25 13:42:37.289] [pxr_streamer] [error] rpc_terminal.cpp:37 operator (): connect failed, error= ???????????,?????, this = 0xd4091530
[2023-03-25 13:42:37.969] [pxr_streamer] [error] rpc_terminal.cpp:37 operator (): connect failed, error= ???????????,?????, this = 0xd6370a10
[2023-03-25 13:42:40.321] [pxr_streamer] [error] rpc_terminal.cpp:37 operator (): connect failed, error= ???????????,?????, this = 0xd4091530
[2023-03-25 13:42:41.005] [pxr_streamer] [error] rpc_terminal.cpp:37 operator (): connect failed, error= ???????????,?????, this = 0xd6370a10
[2023-03-25 13:42:43.365] [pxr_streamer] [error] rpc_terminal.cpp:37 operator (): connect failed, error= ???????????,?????, this = 0xd4091530
[2023-03-25 13:42:44.048] [pxr_streamer] [error] rpc_terminal.cpp:37 operator (): connect failed, error= ???????????,?????, this = 0xd6370a10
[2023-03-25 13:42:46.401] [pxr_streamer] [error] rpc_terminal.cpp:37 operator (): connect failed, error= ???????????,?????, this = 0xd4091530
[2023-03-25 13:42:47.080] [pxr_streamer] [error] rpc_terminal.cpp:37 operator (): connect failed, error= ???????????,?????, this = 0xd6370a10
[2023-03-25 13:42:49.434] [pxr_streamer] [error] rpc_terminal.cpp:37 operator (): connect failed, error= ???????????,?????, this = 0xd4091530
[2023-03-25 13:42:50.106] [pxr_streamer] [error] rpc_terminal.cpp:37 operator (): connect failed, error= ???????????,?????, this = 0xd6370a10
[2023-03-25 13:42:52.487] [pxr_streamer] [error] rpc_terminal.cpp:37 operator (): connect failed, error= ???????????,?????, this = 0xd4091530
[2023-03-25 13:42:53.155] [pxr_streamer] [error] rpc_terminal.cpp:37 operator (): connect failed, error= ???????????,?????, this = 0xd6370a10
[2023-03-25 13:42:55.527] [pxr_streamer] [error] rpc_terminal.cpp:37 operator (): connect failed, error= ???????????,?????, this = 0xd4091530
[2023-03-25 13:42:56.194] [pxr_streamer] [error] rpc_terminal.cpp:37 operator (): connect failed, error= ???????????,?????, this = 0xd6370a10
[2023-03-25 13:42:58.571] [pxr_streamer] [error] rpc_terminal.cpp:37 operator (): connect failed, error= ???????????,?????, this = 0xd4091530
[2023-03-25 13:42:59.230] [pxr_streamer] [error] rpc_terminal.cpp:37 operator (): connect failed, error= ???????????,?????, this = 0xd6370a10
[2023-03-25 13:43:01.616] [pxr_streamer] [error] rpc_terminal.cpp:37 operator (): connect failed, error= ???????????,?????, this = 0xd4091530
[2023-03-25 13:43:02.276] [pxr_streamer] [error] rpc_terminal.cpp:37 operator (): connect failed, error= ???????????,?????, this = 0xd6370a10
[2023-03-25 13:43:04.669] [pxr_streamer] [error] rpc_terminal.cpp:37 operator (): connect failed, error= ???????????,?????, this = 0xd4091530
[2023-03-25 13:43:05.311] [pxr_streamer] [error] rpc_terminal.cpp:37 operator (): connect failed, error= ???????????,?????, this = 0xd6370a10
[2023-03-25 13:43:07.711] [pxr_streamer] [error] rpc_terminal.cpp:37 operator (): connect failed, error= ???????????,?????, this = 0xd4091530
[2023-03-25 13:43:08.381] [pxr_streamer] [error] rpc_terminal.cpp:37 operator (): connect failed, error= ???????????,?????, this = 0xd6370a10
[2023-03-25 13:43:10.773] [pxr_streamer] [error] rpc_terminal.cpp:37 operator (): connect failed, error= ???????????,?????, this = 0xd4091530
[2023-03-25 13:43:11.438] [pxr_streamer] [error] rpc_terminal.cpp:37 operator (): connect failed, error= ???????????,?????, this = 0xd6370a10
[2023-03-25 13:43:13.834] [pxr_streamer] [error] rpc_terminal.cpp:37 operator (): connect failed, error= ???????????,?????, this = 0xd4091530
[2023-03-25 13:43:14.493] [pxr_streamer] [error] rpc_terminal.cpp:37 operator (): connect failed, error= ???????????,?????, this = 0xd6370a10
[2023-03-25 13:43:16.883] [pxr_streamer] [error] rpc_terminal.cpp:37 operator (): connect failed, error= ???????????,?????, this = 0xd4091530
[2023-03-25 13:43:17.541] [pxr_streamer] [error] rpc_terminal.cpp:37 operator (): connect failed, error= ???????????,?????, this = 0xd6370a10
[2023-03-25 13:43:19.931] [pxr_streamer] [error] rpc_terminal.cpp:37 operator (): connect failed, error= ???????????,?????, this = 0xd4091530
[2023-03-25 13:43:20.576] [pxr_streamer] [error] rpc_terminal.cpp:37 operator (): connect failed, error= ???????????,?????, this = 0xd6370a10
[2023-03-25 13:43:22.968] [pxr_streamer] [error] rpc_terminal.cpp:37 operator (): connect failed, error= ???????????,?????, this = 0xd4091530
[2023-03-25 13:43:23.610] [pxr_streamer] [error] rpc_terminal.cpp:37 operator (): connect failed, error= ???????????,?????, this = 0xd6370a10
[2023-03-25 13:43:26.031] [pxr_streamer] [error] rpc_terminal.cpp:37 operator (): connect failed, error= ???????????,?????, this = 0xd4091530
[2023-03-25 13:43:26.670] [pxr_streamer] [error] rpc_terminal.cpp:37 operator (): connect failed, error= ???????????,?????, this = 0xd6370a10
[2023-03-25 13:43:29.076] [pxr_streamer] [error] rpc_terminal.cpp:37 operator (): connect failed, error= ???????????,?????, this = 0xd4091530
[2023-03-25 13:43:29.717] [pxr_streamer] [error] rpc_terminal.cpp:37 operator (): connect failed, error= ???????????,?????, this = 0xd6370a10
[2023-03-25 13:43:32.118] [pxr_streamer] [error] rpc_terminal.cpp:37 operator (): connect failed, error= ???????????,?????, this = 0xd4091530
[2023-03-25 13:43:32.770] [pxr_streamer] [error] rpc_terminal.cpp:37 operator (): connect failed, error= ???????????,?????, this = 0xd6370a10
[2023-03-25 13:43:35.167] [pxr_streamer] [error] rpc_terminal.cpp:37 operator (): connect failed, error= ???????????,?????, this = 0xd4091530
[2023-03-25 13:43:35.807] [pxr_streamer] [error] rpc_terminal.cpp:37 operator (): connect failed, error= ???????????,?????, this = 0xd6370a10
[2023-03-25 13:43:38.206] [pxr_streamer] [error] rpc_terminal.cpp:37 operator (): connect failed, error= ???????????,?????, this = 0xd4091530
[2023-03-25 13:43:38.857] [pxr_streamer] [error] rpc_terminal.cpp:37 operator (): connect failed, error= ???????????,?????, this = 0xd6370a10
[2023-03-25 13:43:41.244] [pxr_streamer] [error] rpc_terminal.cpp:37 operator (): connect failed, error= ???????????,?????, this = 0xd4091530
[2023-03-25 13:43:41.888] [pxr_streamer] [error] rpc_terminal.cpp:37 operator (): connect failed, error= ???????????,?????, this = 0xd6370a10
[2023-03-25 13:43:44.300] [pxr_streamer] [error] rpc_terminal.cpp:37 operator (): connect failed, error= ???????????,?????, this = 0xd4091530
[2023-03-25 13:43:44.937] [pxr_streamer] [error] rpc_terminal.cpp:37 operator (): connect failed, error= ???????????,?????, this = 0xd6370a10
[2023-03-25 13:43:47.347] [pxr_streamer] [error] rpc_terminal.cpp:37 operator (): connect failed, error= ???????????,?????, this = 0xd4091530
[2023-03-25 13:43:47.983] [pxr_streamer] [error] rpc_terminal.cpp:37 operator (): connect failed, error= ???????????,?????, this = 0xd6370a10
[2023-03-25 13:43:50.389] [pxr_streamer] [error] rpc_terminal.cpp:37 operator (): connect failed, error= ???????????,?????, this = 0xd4091530
[2023-03-25 13:43:51.029] [pxr_streamer] [error] rpc_terminal.cpp:37 operator (): connect failed, error= ???????????,?????, this = 0xd6370a10
[2023-03-25 13:43:53.433] [pxr_streamer] [error] rpc_terminal.cpp:37 operator (): connect failed, error= ???????????,?????, this = 0xd4091530
[2023-03-25 13:43:54.057] [pxr_streamer] [error] rpc_terminal.cpp:37 operator (): connect failed, error= ???????????,?????, this = 0xd6370a10
[2023-03-25 13:43:56.478] [pxr_streamer] [error] rpc_terminal.cpp:37 operator (): connect failed, error= ???????????,?????, this = 0xd4091530
[2023-03-25 13:43:57.097] [pxr_streamer] [error] rpc_terminal.cpp:37 operator (): connect failed, error= ???????????,?????, this = 0xd6370a10
[2023-03-25 13:43:59.526] [pxr_streamer] [error] rpc_terminal.cpp:37 operator (): connect failed, error= ???????????,?????, this = 0xd4091530
[2023-03-25 13:44:00.147] [pxr_streamer] [error] rpc_terminal.cpp:37 operator (): connect failed, error= ???????????,?????, this = 0xd6370a10
[2023-03-25 13:44:02.581] [pxr_streamer] [error] rpc_terminal.cpp:37 operator (): connect failed, error= ???????????,?????, this = 0xd4091530
[2023-03-25 13:44:03.204] [pxr_streamer] [error] rpc_terminal.cpp:37 operator (): connect failed, error= ???????????,?????, this = 0xd6370a10
[2023-03-25 13:44:05.614] [pxr_streamer] [error] rpc_terminal.cpp:37 operator (): connect failed, error= ???????????,?????, this = 0xd4091530
[2023-03-25 13:44:06.240] [pxr_streamer] [error] rpc_terminal.cpp:37 operator (): connect failed, error= ???????????,?????, this = 0xd6370a10
[2023-03-25 13:44:08.654] [pxr_streamer] [error] rpc_terminal.cpp:37 operator (): connect failed, error= ???????????,?????, this = 0xd4091530
[2023-03-25 13:44:09.292] [pxr_streamer] [error] rpc_terminal.cpp:37 operator (): connect failed, error= ???????????,?????, this = 0xd6370a10
[2023-03-25 13:44:11.706] [pxr_streamer] [error] rpc_terminal.cpp:37 operator (): connect failed, error= ???????????,?????, this = 0xd4091530
[2023-03-25 13:44:12.342] [pxr_streamer] [error] rpc_terminal.cpp:37 operator (): connect failed, error= ???????????,?????, this = 0xd6370a10
[2023-03-25 13:44:14.751] [pxr_streamer] [error] rpc_terminal.cpp:37 operator (): connect failed, error= ???????????,?????, this = 0xd4091530
[2023-03-25 13:44:15.374] [pxr_streamer] [error] rpc_terminal.cpp:37 operator (): connect failed, error= ???????????,?????, this = 0xd6370a10
[2023-03-25 13:44:17.799] [pxr_streamer] [error] rpc_terminal.cpp:37 operator (): connect failed, error= ???????????,?????, this = 0xd4091530
[2023-03-25 13:44:18.417] [pxr_streamer] [error] rpc_terminal.cpp:37 operator (): connect failed, error= ???????????,?????, this = 0xd6370a10
[2023-03-25 13:44:20.832] [pxr_streamer] [error] rpc_terminal.cpp:37 operator (): connect failed, error= ???????????,?????, this = 0xd4091530
[2023-03-25 13:44:21.470] [pxr_streamer] [error] rpc_terminal.cpp:37 operator (): connect failed, error= ???????????,?????, this = 0xd6370a10
[2023-03-25 13:44:23.864] [pxr_streamer] [error] rpc_terminal.cpp:37 operator (): connect failed, error= ???????????,?????, this = 0xd4091530
[2023-03-25 13:44:24.514] [pxr_streamer] [error] rpc_terminal.cpp:37 operator (): connect failed, error= ???????????,?????, this = 0xd6370a10
[2023-03-25 13:44:26.927] [pxr_streamer] [error] rpc_terminal.cpp:37 operator (): connect failed, error= ???????????,?????, this = 0xd4091530
[2023-03-25 13:44:27.566] [pxr_streamer] [error] rpc_terminal.cpp:37 operator (): connect failed, error= ???????????,?????, this = 0xd6370a10
[2023-03-25 13:44:29.970] [pxr_streamer] [error] rpc_terminal.cpp:37 operator (): connect failed, error= ???????????,?????, this = 0xd4091530
[2023-03-25 13:44:30.605] [pxr_streamer] [error] rpc_terminal.cpp:37 operator (): connect failed, error= ???????????,?????, this = 0xd6370a10
[2023-03-25 13:44:33.016] [pxr_streamer] [error] rpc_terminal.cpp:37 operator (): connect failed, error= ???????????,?????, this = 0xd4091530
[2023-03-25 13:44:33.664] [pxr_streamer] [error] rpc_terminal.cpp:37 operator (): connect failed, error= ???????????,?????, this = 0xd6370a10
[2023-03-25 13:44:36.065] [pxr_streamer] [error] rpc_terminal.cpp:37 operator (): connect failed, error= ???????????,?????, this = 0xd4091530
[2023-03-25 13:44:36.718] [pxr_streamer] [error] rpc_terminal.cpp:37 operator (): connect failed, error= ???????????,?????, this = 0xd6370a10
[2023-03-25 13:44:39.091] [pxr_streamer] [error] rpc_terminal.cpp:37 operator (): connect failed, error= ???????????,?????, this = 0xd4091530
[2023-03-25 13:44:39.756] [pxr_streamer] [error] rpc_terminal.cpp:37 operator (): connect failed, error= ???????????,?????, this = 0xd6370a10
[2023-03-25 13:44:42.136] [pxr_streamer] [error] rpc_terminal.cpp:37 operator (): connect failed, error= ???????????,?????, this = 0xd4091530
[2023-03-25 13:44:42.806] [pxr_streamer] [error] rpc_terminal.cpp:37 operator (): connect failed, error= ???????????,?????, this = 0xd6370a10
[2023-03-25 13:44:45.169] [pxr_streamer] [error] rpc_terminal.cpp:37 operator (): connect failed, error= ???????????,?????, this = 0xd4091530
[2023-03-25 13:44:45.868] [pxr_streamer] [error] rpc_terminal.cpp:37 operator (): connect failed, error= ???????????,?????, this = 0xd6370a10
[2023-03-25 13:44:48.216] [pxr_streamer] [error] rpc_terminal.cpp:37 operator (): connect failed, error= ???????????,?????, this = 0xd4091530
[2023-03-25 13:44:48.918] [pxr_streamer] [error] rpc_terminal.cpp:37 operator (): connect failed, error= ???????????,?????, this = 0xd6370a10
[2023-03-25 13:44:51.271] [pxr_streamer] [error] rpc_terminal.cpp:37 operator (): connect failed, error= ???????????,?????, this = 0xd4091530
[2023-03-25 13:44:51.970] [pxr_streamer] [error] rpc_terminal.cpp:37 operator (): connect failed, error= ???????????,?????, this = 0xd6370a10
[2023-03-25 13:44:54.315] [pxr_streamer] [error] rpc_terminal.cpp:37 operator (): connect failed, error= ???????????,?????, this = 0xd4091530
[2023-03-25 13:44:55.011] [pxr_streamer] [error] rpc_terminal.cpp:37 operator (): connect failed, error= ???????????,?????, this = 0xd6370a10
[2023-03-25 13:44:57.364] [pxr_streamer] [error] rpc_terminal.cpp:37 operator (): connect failed, error= ???????????,?????, this = 0xd4091530
[2023-03-25 13:44:58.063] [pxr_streamer] [error] rpc_terminal.cpp:37 operator (): connect failed, error= ???????????,?????, this = 0xd6370a10
[2023-03-25 13:45:00.409] [pxr_streamer] [error] rpc_terminal.cpp:37 operator (): connect failed, error= ???????????,?????, this = 0xd4091530
[2023-03-25 13:45:01.105] [pxr_streamer] [error] rpc_terminal.cpp:37 operator (): connect failed, error= ???????????,?????, this = 0xd6370a10
[2023-03-25 13:45:03.460] [pxr_streamer] [error] rpc_terminal.cpp:37 operator (): connect failed, error= ???????????,?????, this = 0xd4091530
[2023-03-25 13:45:04.146] [pxr_streamer] [error] rpc_terminal.cpp:37 operator (): connect failed, error= ???????????,?????, this = 0xd6370a10
